2020-03-08 09:40:14,715 INFO     Job started for command "import" with arguments:
2020-03-08 09:40:14,715 INFO         {
2020-03-08 09:40:14,715 INFO             "importer": {
2020-03-08 09:40:14,715 INFO                 "name": "Archive Data Importer",
2020-03-08 09:40:14,715 INFO                 "arguments": {
2020-03-08 09:40:14,716 INFO                     "archive_data": {
2020-03-08 09:40:14,716 INFO                         "stations": [
2020-03-08 09:40:14,716 INFO                             {
2020-03-08 09:40:14,716 INFO                                 "name": "MSGR",
2020-03-08 09:40:14,716 INFO                                 "description": "Monsignor Crosby station\n",
2020-03-08 09:40:14,716 INFO                                 "time_zone": "US/Eastern",
2020-03-08 09:40:14,716 INFO                                 "latitude": 42.473168,
2020-03-08 09:40:14,716 INFO                                 "longitude": -76.516825,
2020-03-08 09:40:14,716 INFO                                 "elevation": 170
2020-03-08 09:40:14,716 INFO                             }
2020-03-08 09:40:14,716 INFO                         ],
2020-03-08 09:40:14,716 INFO                         "device_models": [
2020-03-08 09:40:14,716 INFO                             {
2020-03-08 09:40:14,716 INFO                                 "name": "PC Recorder",
2020-03-08 09:40:14,716 INFO                                 "type": "Audio Recorder",
2020-03-08 09:40:14,716 INFO                                 "manufacturer": "Various",
2020-03-08 09:40:14,716 INFO                                 "model": "PC",
2020-03-08 09:40:14,716 INFO                                 "description": "Personal computer as an audio recorder.",
2020-03-08 09:40:14,716 INFO                                 "num_inputs": 2
2020-03-08 09:40:14,716 INFO                             },
2020-03-08 09:40:14,716 INFO                             {
2020-03-08 09:40:14,716 INFO                                 "name": "21c Microphone",
2020-03-08 09:40:14,716 INFO                                 "type": "Microphone",
2020-03-08 09:40:14,716 INFO                                 "manufacturer": "Old Bird",
2020-03-08 09:40:14,716 INFO                                 "model": "21c",
2020-03-08 09:40:14,716 INFO                                 "description": "",
2020-03-08 09:40:14,716 INFO                                 "num_outputs": 1
2020-03-08 09:40:14,716 INFO                             }
2020-03-08 09:40:14,716 INFO                         ],
2020-03-08 09:40:14,716 INFO                         "devices": [
2020-03-08 09:40:14,716 INFO                             {
2020-03-08 09:40:14,716 INFO                                 "name": "PC",
2020-03-08 09:40:14,716 INFO                                 "model": "PC Recorder",
2020-03-08 09:40:14,716 INFO                                 "serial_number": 0,
2020-03-08 09:40:14,716 INFO                                 "description": "Recorder used at the station of this archive."
2020-03-08 09:40:14,716 INFO                             },
2020-03-08 09:40:14,716 INFO                             {
2020-03-08 09:40:14,716 INFO                                 "name": "21c",
2020-03-08 09:40:14,716 INFO                                 "model": "21c Microphone",
2020-03-08 09:40:14,716 INFO                                 "serial_number": 0,
2020-03-08 09:40:14,716 INFO                                 "description": "Microphone used at the station of this archive."
2020-03-08 09:40:14,716 INFO                             }
2020-03-08 09:40:14,716 INFO                         ],
2020-03-08 09:40:14,716 INFO                         "station_devices": [
2020-03-08 09:40:14,716 INFO                             {
2020-03-08 09:40:14,717 INFO                                 "station": "MSGR",
2020-03-08 09:40:14,717 INFO                                 "start_time": "2020-01-01",
2020-03-08 09:40:14,717 INFO                                 "end_time": "2021-01-01",
2020-03-08 09:40:14,717 INFO                                 "devices": [
2020-03-08 09:40:14,717 INFO                                     "PC",
2020-03-08 09:40:14,717 INFO                                     "21c"
2020-03-08 09:40:14,717 INFO                                 ],
2020-03-08 09:40:14,717 INFO                                 "connections": [
2020-03-08 09:40:14,717 INFO                                     {
2020-03-08 09:40:14,717 INFO                                         "output": "21c Output",
2020-03-08 09:40:14,717 INFO                                         "input": "PC Input 0"
2020-03-08 09:40:14,717 INFO                                     }
2020-03-08 09:40:14,717 INFO                                 ]
2020-03-08 09:40:14,717 INFO                             }
2020-03-08 09:40:14,717 INFO                         ],
2020-03-08 09:40:14,717 INFO                         "detectors": [
2020-03-08 09:40:14,717 INFO                             {
2020-03-08 09:40:14,717 INFO                                 "name": "Old Bird Thrush Detector Redux 1.1",
2020-03-08 09:40:14,717 INFO                                 "description": "Vesper reimplementation of Old Bird Thrush detector."
2020-03-08 09:40:14,717 INFO                             },
2020-03-08 09:40:14,717 INFO                             {
2020-03-08 09:40:14,717 INFO                                 "name": "Old Bird Tseep Detector Redux 1.1",
2020-03-08 09:40:14,717 INFO                                 "description": "Vesper reimplementation of Old Bird Tseep detector."
2020-03-08 09:40:14,717 INFO                             }
2020-03-08 09:40:14,717 INFO                         ],
2020-03-08 09:40:14,717 INFO                         "classifiers": [
2020-03-08 09:40:14,717 INFO                             {
2020-03-08 09:40:14,717 INFO                                 "name": "MPG Ranch NFC Coarse Classifier 3.0",
2020-03-08 09:40:14,717 INFO                                 "description": "Classifies an unclassified clip as a \"Call\" if it appears to be a nocturnal flight call, or as a \"Noise\" otherwise. Does not classify a clip that has already been classified, whether manually or automatically.\n"
2020-03-08 09:40:14,717 INFO                             }
2020-03-08 09:40:14,717 INFO                         ],
2020-03-08 09:40:14,717 INFO                         "annotation_constraints": [
2020-03-08 09:40:14,717 INFO                             {
2020-03-08 09:40:14,717 INFO                                 "name": "Coarse Classification",
2020-03-08 09:40:14,717 INFO                                 "description": "Coarse classifications only.",
2020-03-08 09:40:14,717 INFO                                 "type": "Values",
2020-03-08 09:40:14,717 INFO                                 "values": [
2020-03-08 09:40:14,717 INFO                                     "Call",
2020-03-08 09:40:14,717 INFO                                     "Noise",
2020-03-08 09:40:14,717 INFO                                     "Tone",
2020-03-08 09:40:14,717 INFO                                     "Other",
2020-03-08 09:40:14,717 INFO                                     "Unknown"
2020-03-08 09:40:14,717 INFO                                 ]
2020-03-08 09:40:14,717 INFO                             },
2020-03-08 09:40:14,717 INFO                             {
2020-03-08 09:40:14,717 INFO                                 "name": "Classification",
2020-03-08 09:40:14,718 INFO                                 "description": "All classifications, including call subclassifications.",
2020-03-08 09:40:14,718 INFO                                 "type": "Hierarchical Values",
2020-03-08 09:40:14,718 INFO                                 "extends": "Coarse Classification",
2020-03-08 09:40:14,718 INFO                                 "values": [
2020-03-08 09:40:14,718 INFO                                     {
2020-03-08 09:40:14,718 INFO                                         "Call": [
2020-03-08 09:40:14,718 INFO                                             "AMCO",
2020-03-08 09:40:14,718 INFO                                             "AMPI",
2020-03-08 09:40:14,718 INFO                                             "AMRE",
2020-03-08 09:40:14,718 INFO                                             "AMRO",
2020-03-08 09:40:14,718 INFO                                             "ATSP",
2020-03-08 09:40:14,718 INFO                                             "BAIS",
2020-03-08 09:40:14,718 INFO                                             "BHGR",
2020-03-08 09:40:14,718 INFO                                             "CAWA",
2020-03-08 09:40:14,718 INFO                                             "CCSP_BRSP",
2020-03-08 09:40:14,718 INFO                                             "CHSP",
2020-03-08 09:40:14,718 INFO                                             "COYE",
2020-03-08 09:40:14,718 INFO                                             "DBUP",
2020-03-08 09:40:14,718 INFO                                             "DEJU",
2020-03-08 09:40:14,718 INFO                                             "GCKI",
2020-03-08 09:40:14,718 INFO                                             "GRSP",
2020-03-08 09:40:14,718 INFO                                             "GRYE",
2020-03-08 09:40:14,718 INFO                                             "HETH",
2020-03-08 09:40:14,718 INFO                                             "High",
2020-03-08 09:40:14,718 INFO                                             "HOLA",
2020-03-08 09:40:14,718 INFO                                             "LALO",
2020-03-08 09:40:14,718 INFO                                             "LAZB",
2020-03-08 09:40:14,718 INFO                                             "LBCU",
2020-03-08 09:40:14,718 INFO                                             "LISP",
2020-03-08 09:40:14,718 INFO                                             "Low",
2020-03-08 09:40:14,718 INFO                                             "MGWA",
2020-03-08 09:40:14,718 INFO                                             "NOWA",
2020-03-08 09:40:14,718 INFO                                             "OVEN",
2020-03-08 09:40:14,718 INFO                                             "Other",
2020-03-08 09:40:14,718 INFO                                             "PYNU_LBDO",
2020-03-08 09:40:14,718 INFO                                             "Peep",
2020-03-08 09:40:14,718 INFO                                             "SAVS",
2020-03-08 09:40:14,718 INFO                                             "SORA",
2020-03-08 09:40:14,718 INFO                                             "SOSP",
2020-03-08 09:40:14,718 INFO                                             "SPSA_SOSA",
2020-03-08 09:40:14,718 INFO                                             "SWTH",
2020-03-08 09:40:14,718 INFO                                             "UPSA",
2020-03-08 09:40:14,718 INFO                                             "Unknown",
2020-03-08 09:40:14,718 INFO                                             "VEER",
2020-03-08 09:40:14,718 INFO                                             "VESP",
2020-03-08 09:40:14,719 INFO                                             "VIRA",
2020-03-08 09:40:14,719 INFO                                             "WCSP",
2020-03-08 09:40:14,719 INFO                                             "WEME",
2020-03-08 09:40:14,719 INFO                                             "WETA",
2020-03-08 09:40:14,719 INFO                                             "WIWA",
2020-03-08 09:40:14,719 INFO                                             "WTSP",
2020-03-08 09:40:14,719 INFO                                             "Weak",
2020-03-08 09:40:14,719 INFO                                             "YRWA",
2020-03-08 09:40:14,719 INFO                                             "Zeep"
2020-03-08 09:40:14,719 INFO                                         ]
2020-03-08 09:40:14,719 INFO                                     }
2020-03-08 09:40:14,719 INFO                                 ]
2020-03-08 09:40:14,719 INFO                             }
2020-03-08 09:40:14,719 INFO                         ],
2020-03-08 09:40:14,719 INFO                         "annotations": [
2020-03-08 09:40:14,719 INFO                             {
2020-03-08 09:40:14,719 INFO                                 "name": "Detector Score",
2020-03-08 09:40:14,719 INFO                                 "type": "String"
2020-03-08 09:40:14,719 INFO                             },
2020-03-08 09:40:14,719 INFO                             {
2020-03-08 09:40:14,719 INFO                                 "name": "Classification",
2020-03-08 09:40:14,719 INFO                                 "type": "String",
2020-03-08 09:40:14,719 INFO                                 "constraint": "Classification"
2020-03-08 09:40:14,719 INFO                             }
2020-03-08 09:40:14,719 INFO                         ]
2020-03-08 09:40:14,719 INFO                     }
2020-03-08 09:40:14,719 INFO                 }
2020-03-08 09:40:14,719 INFO             }
2020-03-08 09:40:14,719 INFO         }
2020-03-08 09:40:14,719 INFO     Adding station "MSGR"...
2020-03-08 09:40:14,725 INFO     Adding device model "PC Recorder"...
2020-03-08 09:40:14,737 INFO     Adding device model "PC Recorder" input "Input 0"...
2020-03-08 09:40:14,742 INFO     Adding device model "PC Recorder" input "Input 1"...
2020-03-08 09:40:14,745 INFO     Adding device model "21c Microphone"...
2020-03-08 09:40:14,745 INFO     Adding device model "21c Microphone" output "Output"...
2020-03-08 09:40:14,749 INFO     Adding device "PC"...
2020-03-08 09:40:14,752 INFO     Adding device "PC" input "Input 0"...
2020-03-08 09:40:14,752 INFO     Adding device "PC" input "Input 1"...
2020-03-08 09:40:14,753 INFO     Adding device "21c"...
2020-03-08 09:40:14,754 INFO     Adding device "21c" output "Output"...
2020-03-08 09:40:14,781 INFO     Adding station "MSGR" device "PC" from 2020-01-01 05:00:00+00:00 to 2021-01-01 05:00:00+00:00"...
2020-03-08 09:40:14,783 INFO     Adding station "MSGR" device "21c" from 2020-01-01 05:00:00+00:00 to 2021-01-01 05:00:00+00:00"...
2020-03-08 09:40:14,791 INFO     Adding station "MSGR" device connection "21c Output -> PC Input 0 from 2020-01-01 05:00:00+00:00 to 2021-01-01 05:00:00+00:00"...
2020-03-08 09:40:14,792 INFO     Adding detector "Old Bird Thrush Detector Redux 1.1"...
2020-03-08 09:40:14,794 INFO     Adding detector "Old Bird Tseep Detector Redux 1.1"...
2020-03-08 09:40:14,796 INFO     Adding classifier "MPG Ranch NFC Coarse Classifier 3.0"...
2020-03-08 09:40:14,797 INFO     Adding annotation constraint "Coarse Classification"...
2020-03-08 09:40:14,800 INFO     Adding annotation constraint "Classification"...
2020-03-08 09:40:14,806 INFO     Adding annotation "Detector Score"...
2020-03-08 09:40:14,813 INFO     Adding annotation "Classification"...
2020-03-08 09:40:14,826 INFO     Job complete.
