2020-03-08 09:42:48,865 INFO     Job started for command "classify" with arguments:
2020-03-08 09:42:48,866 INFO         {
2020-03-08 09:42:48,866 INFO             "classifier": "MPG Ranch NFC Coarse Classifier 3.0",
2020-03-08 09:42:48,868 INFO             "annotation_name": "Classification",
2020-03-08 09:42:48,869 INFO             "detectors": [
2020-03-08 09:42:48,869 INFO                 "Old Bird Thrush Detector Redux 1.1"
2020-03-08 09:42:48,870 INFO             ],
2020-03-08 09:42:48,870 INFO             "station_mics": [
2020-03-08 09:42:48,872 INFO                 "MSGR / 21c"
2020-03-08 09:42:48,872 INFO             ],
2020-03-08 09:42:48,872 INFO             "start_date": "2020-01-01",
2020-03-08 09:42:48,873 INFO             "end_date": "2021-01-01"
2020-03-08 09:42:48,873 INFO         }
2020-03-08 09:42:48,886 INFO     Creating TensorFlow estimator from saved model in directory "//anaconda3/envs/vesper-0.4.7/lib/python3.6/site-packages/vesper/mpg_ranch/nfc_coarse_classifier_3_0/Tseep Classifier/TensorFlow SavedModel"...
2020-03-08 09:42:54,101 WARNING  Using temporary folder as model directory: /var/folders/2z/dlxt5tt50nzdlqlx1qvr1zdm0000gn/T/tmpdq8im54x
2020-03-08 09:42:54,106 WARNING  train mode not found in SavedModel.
2020-03-08 09:42:54,106 WARNING  eval mode not found in SavedModel.
2020-03-08 09:42:54,106 INFO     Loading classifier settings from "//anaconda3/envs/vesper-0.4.7/lib/python3.6/site-packages/vesper/mpg_ranch/nfc_coarse_classifier_3_0/Tseep Classifier/Settings.yaml"...
2020-03-08 09:42:54,116 INFO     Creating TensorFlow estimator from saved model in directory "//anaconda3/envs/vesper-0.4.7/lib/python3.6/site-packages/vesper/mpg_ranch/nfc_coarse_classifier_3_0/Thrush Classifier/TensorFlow SavedModel"...
2020-03-08 09:42:54,119 WARNING  Using temporary folder as model directory: /var/folders/2z/dlxt5tt50nzdlqlx1qvr1zdm0000gn/T/tmp3ixe8ziw
2020-03-08 09:42:54,122 WARNING  train mode not found in SavedModel.
2020-03-08 09:42:54,122 WARNING  eval mode not found in SavedModel.
2020-03-08 09:42:54,123 INFO     Loading classifier settings from "//anaconda3/envs/vesper-0.4.7/lib/python3.6/site-packages/vesper/mpg_ranch/nfc_coarse_classifier_3_0/Thrush Classifier/Settings.yaml"...
2020-03-08 09:42:54,137 INFO     Classifier will visit 0 clips for detector "Old Bird Thrush Detector Redux 1.1", station "MSGR", mic output "21c Output", and date 2020-01-01.
2020-03-08 09:42:54,138 INFO     Classified 0 of 0 visited clips in 0.0 seconds.
2020-03-08 09:42:54,140 INFO     Classifier will visit 0 clips for detector "Old Bird Thrush Detector Redux 1.1", station "MSGR", mic output "21c Output", and date 2020-01-02.
2020-03-08 09:42:54,141 INFO     Classified 0 of 0 visited clips in 0.0 seconds.
2020-03-08 09:42:54,143 INFO     Classifier will visit 0 clips for detector "Old Bird Thrush Detector Redux 1.1", station "MSGR", mic output "21c Output", and date 2020-01-03.
2020-03-08 09:42:54,144 INFO     Classified 0 of 0 visited clips in 0.0 seconds.
2020-03-08 09:42:54,146 INFO     Classifier will visit 0 clips for detector "Old Bird Thrush Detector Redux 1.1", station "MSGR", mic output "21c Output", and date 2020-01-04.
2020-03-08 09:42:54,147 INFO     Classified 0 of 0 visited clips in 0.0 seconds.
2020-03-08 09:42:54,149 INFO     Classifier will visit 0 clips for detector "Old Bird Thrush Detector Redux 1.1", station "MSGR", mic output "21c Output", and date 2020-01-05.
2020-03-08 09:42:54,150 INFO     Classified 0 of 0 visited clips in 0.0 seconds.
2020-03-08 09:42:54,151 INFO     Classifier will visit 0 clips for detector "Old Bird Thrush Detector Redux 1.1", station "MSGR", mic output "21c Output", and date 2020-01-06.
2020-03-08 09:42:54,153 INFO     Classified 0 of 0 visited clips in 0.0 seconds.
2020-03-08 09:42:54,154 INFO     Classifier will visit 0 clips for detector "Old Bird Thrush Detector Redux 1.1", station "MSGR", mic output "21c Output", and date 2020-01-07.
2020-03-08 09:42:54,156 INFO     Classified 0 of 0 visited clips in 0.0 seconds.
2020-03-08 09:42:54,158 INFO     Classifier will visit 0 clips for detector "Old Bird Thrush Detector Redux 1.1", station "MSGR", mic output "21c Output", and date 2020-01-08.
2020-03-08 09:42:54,159 INFO     Classified 0 of 0 visited clips in 0.0 seconds.
2020-03-08 09:42:54,160 INFO     Classifier will visit 0 clips for detector "Old Bird Thrush Detector Redux 1.1", station "MSGR", mic output "21c Output", and date 2020-01-09.
2020-03-08 09:42:54,161 INFO     Classified 0 of 0 visited clips in 0.0 seconds.
2020-03-08 09:42:54,163 INFO     Classifier will visit 0 clips for detector "Old Bird Thrush Detector Redux 1.1", station "MSGR", mic output "21c Output", and date 2020-01-10.
2020-03-08 09:42:54,165 INFO     Classified 0 of 0 visited clips in 0.0 seconds.
2020-03-08 09:42:54,168 INFO     Classifier will visit 0 clips for detector "Old Bird Thrush Detector Redux 1.1", station "MSGR", mic output "21c Output", and date 2020-01-11.
2020-03-08 09:42:54,169 INFO     Classified 0 of 0 visited clips in 0.0 seconds.
2020-03-08 09:42:54,171 INFO     Classifier will visit 0 clips for detector "Old Bird Thrush Detector Redux 1.1", station "MSGR", mic output "21c Output", and date 2020-01-12.
2020-03-08 09:42:54,173 INFO     Classified 0 of 0 visited clips in 0.0 seconds.
2020-03-08 09:42:54,174 INFO     Classifier will visit 0 clips for detector "Old Bird Thrush Detector Redux 1.1", station "MSGR", mic output "21c Output", and date 2020-01-13.
2020-03-08 09:42:54,176 INFO     Classified 0 of 0 visited clips in 0.0 seconds.
2020-03-08 09:42:54,177 INFO     Classifier will visit 0 clips for detector "Old Bird Thrush Detector Redux 1.1", station "MSGR", mic output "21c Output", and date 2020-01-14.
2020-03-08 09:42:54,179 INFO     Classified 0 of 0 visited clips in 0.0 seconds.
2020-03-08 09:42:54,180 INFO     Classifier will visit 0 clips for detector "Old Bird Thrush Detector Redux 1.1", station "MSGR", mic output "21c Output", and date 2020-01-15.
2020-03-08 09:42:54,181 INFO     Classified 0 of 0 visited clips in 0.0 seconds.
2020-03-08 09:42:54,183 INFO     Classifier will visit 0 clips for detector "Old Bird Thrush Detector Redux 1.1", station "MSGR", mic output "21c Output", and date 2020-01-16.
2020-03-08 09:42:54,184 INFO     Classified 0 of 0 visited clips in 0.0 seconds.
2020-03-08 09:42:54,185 INFO     Classifier will visit 0 clips for detector "Old Bird Thrush Detector Redux 1.1", station "MSGR", mic output "21c Output", and date 2020-01-17.
2020-03-08 09:42:54,186 INFO     Classified 0 of 0 visited clips in 0.0 seconds.
2020-03-08 09:42:54,188 INFO     Classifier will visit 0 clips for detector "Old Bird Thrush Detector Redux 1.1", station "MSGR", mic output "21c Output", and date 2020-01-18.
2020-03-08 09:42:54,191 INFO     Classified 0 of 0 visited clips in 0.0 seconds.
2020-03-08 09:42:54,193 INFO     Classifier will visit 0 clips for detector "Old Bird Thrush Detector Redux 1.1", station "MSGR", mic output "21c Output", and date 2020-01-19.
2020-03-08 09:42:54,194 INFO     Classified 0 of 0 visited clips in 0.0 seconds.
2020-03-08 09:42:54,195 INFO     Classifier will visit 0 clips for detector "Old Bird Thrush Detector Redux 1.1", station "MSGR", mic output "21c Output", and date 2020-01-20.
2020-03-08 09:42:54,196 INFO     Classified 0 of 0 visited clips in 0.0 seconds.
2020-03-08 09:42:54,198 INFO     Classifier will visit 0 clips for detector "Old Bird Thrush Detector Redux 1.1", station "MSGR", mic output "21c Output", and date 2020-01-21.
2020-03-08 09:42:54,200 INFO     Classified 0 of 0 visited clips in 0.0 seconds.
2020-03-08 09:42:54,202 INFO     Classifier will visit 0 clips for detector "Old Bird Thrush Detector Redux 1.1", station "MSGR", mic output "21c Output", and date 2020-01-22.
2020-03-08 09:42:54,204 INFO     Classified 0 of 0 visited clips in 0.0 seconds.
2020-03-08 09:42:54,205 INFO     Classifier will visit 0 clips for detector "Old Bird Thrush Detector Redux 1.1", station "MSGR", mic output "21c Output", and date 2020-01-23.
2020-03-08 09:42:54,206 INFO     Classified 0 of 0 visited clips in 0.0 seconds.
2020-03-08 09:42:54,208 INFO     Classifier will visit 0 clips for detector "Old Bird Thrush Detector Redux 1.1", station "MSGR", mic output "21c Output", and date 2020-01-24.
2020-03-08 09:42:54,209 INFO     Classified 0 of 0 visited clips in 0.0 seconds.
2020-03-08 09:42:54,211 INFO     Classifier will visit 0 clips for detector "Old Bird Thrush Detector Redux 1.1", station "MSGR", mic output "21c Output", and date 2020-01-25.
2020-03-08 09:42:54,212 INFO     Classified 0 of 0 visited clips in 0.0 seconds.
2020-03-08 09:42:54,214 INFO     Classifier will visit 0 clips for detector "Old Bird Thrush Detector Redux 1.1", station "MSGR", mic output "21c Output", and date 2020-01-26.
2020-03-08 09:42:54,216 INFO     Classified 0 of 0 visited clips in 0.0 seconds.
2020-03-08 09:42:54,217 INFO     Classifier will visit 0 clips for detector "Old Bird Thrush Detector Redux 1.1", station "MSGR", mic output "21c Output", and date 2020-01-27.
2020-03-08 09:42:54,218 INFO     Classified 0 of 0 visited clips in 0.0 seconds.
2020-03-08 09:42:54,220 INFO     Classifier will visit 0 clips for detector "Old Bird Thrush Detector Redux 1.1", station "MSGR", mic output "21c Output", and date 2020-01-28.
2020-03-08 09:42:54,222 INFO     Classified 0 of 0 visited clips in 0.0 seconds.
2020-03-08 09:42:54,223 INFO     Classifier will visit 0 clips for detector "Old Bird Thrush Detector Redux 1.1", station "MSGR", mic output "21c Output", and date 2020-01-29.
2020-03-08 09:42:54,224 INFO     Classified 0 of 0 visited clips in 0.0 seconds.
2020-03-08 09:42:54,226 INFO     Classifier will visit 0 clips for detector "Old Bird Thrush Detector Redux 1.1", station "MSGR", mic output "21c Output", and date 2020-01-30.
2020-03-08 09:42:54,227 INFO     Classified 0 of 0 visited clips in 0.0 seconds.
2020-03-08 09:42:54,230 INFO     Classifier will visit 0 clips for detector "Old Bird Thrush Detector Redux 1.1", station "MSGR", mic output "21c Output", and date 2020-01-31.
2020-03-08 09:42:54,231 INFO     Classified 0 of 0 visited clips in 0.0 seconds.
2020-03-08 09:42:54,233 INFO     Classifier will visit 0 clips for detector "Old Bird Thrush Detector Redux 1.1", station "MSGR", mic output "21c Output", and date 2020-02-01.
2020-03-08 09:42:54,235 INFO     Classified 0 of 0 visited clips in 0.0 seconds.
2020-03-08 09:42:54,236 INFO     Classifier will visit 0 clips for detector "Old Bird Thrush Detector Redux 1.1", station "MSGR", mic output "21c Output", and date 2020-02-02.
2020-03-08 09:42:54,237 INFO     Classified 0 of 0 visited clips in 0.0 seconds.
2020-03-08 09:42:54,240 INFO     Classifier will visit 0 clips for detector "Old Bird Thrush Detector Redux 1.1", station "MSGR", mic output "21c Output", and date 2020-02-03.
2020-03-08 09:42:54,241 INFO     Classified 0 of 0 visited clips in 0.0 seconds.
2020-03-08 09:42:54,242 INFO     Classifier will visit 0 clips for detector "Old Bird Thrush Detector Redux 1.1", station "MSGR", mic output "21c Output", and date 2020-02-04.
2020-03-08 09:42:54,244 INFO     Classified 0 of 0 visited clips in 0.0 seconds.
2020-03-08 09:42:54,245 INFO     Classifier will visit 0 clips for detector "Old Bird Thrush Detector Redux 1.1", station "MSGR", mic output "21c Output", and date 2020-02-05.
2020-03-08 09:42:54,246 INFO     Classified 0 of 0 visited clips in 0.0 seconds.
2020-03-08 09:42:54,248 INFO     Classifier will visit 0 clips for detector "Old Bird Thrush Detector Redux 1.1", station "MSGR", mic output "21c Output", and date 2020-02-06.
2020-03-08 09:42:54,249 INFO     Classified 0 of 0 visited clips in 0.0 seconds.
2020-03-08 09:42:54,251 INFO     Classifier will visit 0 clips for detector "Old Bird Thrush Detector Redux 1.1", station "MSGR", mic output "21c Output", and date 2020-02-07.
2020-03-08 09:42:54,252 INFO     Classified 0 of 0 visited clips in 0.0 seconds.
2020-03-08 09:42:54,255 INFO     Classifier will visit 0 clips for detector "Old Bird Thrush Detector Redux 1.1", station "MSGR", mic output "21c Output", and date 2020-02-08.
2020-03-08 09:42:54,256 INFO     Classified 0 of 0 visited clips in 0.0 seconds.
2020-03-08 09:42:54,257 INFO     Classifier will visit 0 clips for detector "Old Bird Thrush Detector Redux 1.1", station "MSGR", mic output "21c Output", and date 2020-02-09.
2020-03-08 09:42:54,258 INFO     Classified 0 of 0 visited clips in 0.0 seconds.
2020-03-08 09:42:54,260 INFO     Classifier will visit 0 clips for detector "Old Bird Thrush Detector Redux 1.1", station "MSGR", mic output "21c Output", and date 2020-02-10.
2020-03-08 09:42:54,262 INFO     Classified 0 of 0 visited clips in 0.0 seconds.
2020-03-08 09:42:54,264 INFO     Classifier will visit 0 clips for detector "Old Bird Thrush Detector Redux 1.1", station "MSGR", mic output "21c Output", and date 2020-02-11.
2020-03-08 09:42:54,266 INFO     Classified 0 of 0 visited clips in 0.0 seconds.
2020-03-08 09:42:54,268 INFO     Classifier will visit 0 clips for detector "Old Bird Thrush Detector Redux 1.1", station "MSGR", mic output "21c Output", and date 2020-02-12.
2020-03-08 09:42:54,269 INFO     Classified 0 of 0 visited clips in 0.0 seconds.
2020-03-08 09:42:54,270 INFO     Classifier will visit 0 clips for detector "Old Bird Thrush Detector Redux 1.1", station "MSGR", mic output "21c Output", and date 2020-02-13.
2020-03-08 09:42:54,272 INFO     Classified 0 of 0 visited clips in 0.0 seconds.
2020-03-08 09:42:54,274 INFO     Classifier will visit 0 clips for detector "Old Bird Thrush Detector Redux 1.1", station "MSGR", mic output "21c Output", and date 2020-02-14.
2020-03-08 09:42:54,275 INFO     Classified 0 of 0 visited clips in 0.0 seconds.
2020-03-08 09:42:54,277 INFO     Classifier will visit 0 clips for detector "Old Bird Thrush Detector Redux 1.1", station "MSGR", mic output "21c Output", and date 2020-02-15.
2020-03-08 09:42:54,278 INFO     Classified 0 of 0 visited clips in 0.0 seconds.
2020-03-08 09:42:54,280 INFO     Classifier will visit 0 clips for detector "Old Bird Thrush Detector Redux 1.1", station "MSGR", mic output "21c Output", and date 2020-02-16.
2020-03-08 09:42:54,282 INFO     Classified 0 of 0 visited clips in 0.0 seconds.
2020-03-08 09:42:54,284 INFO     Classifier will visit 0 clips for detector "Old Bird Thrush Detector Redux 1.1", station "MSGR", mic output "21c Output", and date 2020-02-17.
2020-03-08 09:42:54,285 INFO     Classified 0 of 0 visited clips in 0.0 seconds.
2020-03-08 09:42:54,286 INFO     Classifier will visit 0 clips for detector "Old Bird Thrush Detector Redux 1.1", station "MSGR", mic output "21c Output", and date 2020-02-18.
2020-03-08 09:42:54,288 INFO     Classified 0 of 0 visited clips in 0.0 seconds.
2020-03-08 09:42:54,289 INFO     Classifier will visit 0 clips for detector "Old Bird Thrush Detector Redux 1.1", station "MSGR", mic output "21c Output", and date 2020-02-19.
2020-03-08 09:42:54,290 INFO     Classified 0 of 0 visited clips in 0.0 seconds.
2020-03-08 09:42:54,292 INFO     Classifier will visit 0 clips for detector "Old Bird Thrush Detector Redux 1.1", station "MSGR", mic output "21c Output", and date 2020-02-20.
2020-03-08 09:42:54,294 INFO     Classified 0 of 0 visited clips in 0.0 seconds.
2020-03-08 09:42:54,295 INFO     Classifier will visit 0 clips for detector "Old Bird Thrush Detector Redux 1.1", station "MSGR", mic output "21c Output", and date 2020-02-21.
2020-03-08 09:42:54,297 INFO     Classified 0 of 0 visited clips in 0.0 seconds.
2020-03-08 09:42:54,299 INFO     Classifier will visit 0 clips for detector "Old Bird Thrush Detector Redux 1.1", station "MSGR", mic output "21c Output", and date 2020-02-22.
2020-03-08 09:42:54,300 INFO     Classified 0 of 0 visited clips in 0.0 seconds.
2020-03-08 09:42:54,301 INFO     Classifier will visit 0 clips for detector "Old Bird Thrush Detector Redux 1.1", station "MSGR", mic output "21c Output", and date 2020-02-23.
2020-03-08 09:42:54,303 INFO     Classified 0 of 0 visited clips in 0.0 seconds.
2020-03-08 09:42:54,305 INFO     Classifier will visit 0 clips for detector "Old Bird Thrush Detector Redux 1.1", station "MSGR", mic output "21c Output", and date 2020-02-24.
2020-03-08 09:42:54,306 INFO     Classified 0 of 0 visited clips in 0.0 seconds.
2020-03-08 09:42:54,308 INFO     Classifier will visit 0 clips for detector "Old Bird Thrush Detector Redux 1.1", station "MSGR", mic output "21c Output", and date 2020-02-25.
2020-03-08 09:42:54,309 INFO     Classified 0 of 0 visited clips in 0.0 seconds.
2020-03-08 09:42:54,310 INFO     Classifier will visit 0 clips for detector "Old Bird Thrush Detector Redux 1.1", station "MSGR", mic output "21c Output", and date 2020-02-26.
2020-03-08 09:42:54,311 INFO     Classified 0 of 0 visited clips in 0.0 seconds.
2020-03-08 09:42:54,314 INFO     Classifier will visit 0 clips for detector "Old Bird Thrush Detector Redux 1.1", station "MSGR", mic output "21c Output", and date 2020-02-27.
2020-03-08 09:42:54,315 INFO     Classified 0 of 0 visited clips in 0.0 seconds.
2020-03-08 09:42:54,316 INFO     Classifier will visit 0 clips for detector "Old Bird Thrush Detector Redux 1.1", station "MSGR", mic output "21c Output", and date 2020-02-28.
2020-03-08 09:42:54,318 INFO     Classified 0 of 0 visited clips in 0.0 seconds.
2020-03-08 09:42:54,320 INFO     Classifier will visit 0 clips for detector "Old Bird Thrush Detector Redux 1.1", station "MSGR", mic output "21c Output", and date 2020-02-29.
2020-03-08 09:42:54,321 INFO     Classified 0 of 0 visited clips in 0.0 seconds.
2020-03-08 09:42:54,322 INFO     Classifier will visit 0 clips for detector "Old Bird Thrush Detector Redux 1.1", station "MSGR", mic output "21c Output", and date 2020-03-01.
2020-03-08 09:42:54,325 INFO     Classified 0 of 0 visited clips in 0.0 seconds.
2020-03-08 09:42:54,326 INFO     Classifier will visit 0 clips for detector "Old Bird Thrush Detector Redux 1.1", station "MSGR", mic output "21c Output", and date 2020-03-02.
2020-03-08 09:42:54,328 INFO     Classified 0 of 0 visited clips in 0.0 seconds.
2020-03-08 09:42:54,329 INFO     Classifier will visit 0 clips for detector "Old Bird Thrush Detector Redux 1.1", station "MSGR", mic output "21c Output", and date 2020-03-03.
2020-03-08 09:42:54,332 INFO     Classified 0 of 0 visited clips in 0.0 seconds.
2020-03-08 09:42:54,333 INFO     Classifier will visit 0 clips for detector "Old Bird Thrush Detector Redux 1.1", station "MSGR", mic output "21c Output", and date 2020-03-04.
2020-03-08 09:42:54,334 INFO     Classified 0 of 0 visited clips in 0.0 seconds.
2020-03-08 09:42:54,336 INFO     Classifier will visit 0 clips for detector "Old Bird Thrush Detector Redux 1.1", station "MSGR", mic output "21c Output", and date 2020-03-05.
2020-03-08 09:42:54,338 INFO     Classified 0 of 0 visited clips in 0.0 seconds.
2020-03-08 09:42:54,339 INFO     Classifier will visit 0 clips for detector "Old Bird Thrush Detector Redux 1.1", station "MSGR", mic output "21c Output", and date 2020-03-06.
2020-03-08 09:42:54,340 INFO     Classified 0 of 0 visited clips in 0.0 seconds.
2020-03-08 09:42:54,342 INFO     Classifier will visit 0 clips for detector "Old Bird Thrush Detector Redux 1.1", station "MSGR", mic output "21c Output", and date 2020-03-07.
2020-03-08 09:42:54,343 INFO     Classified 0 of 0 visited clips in 0.0 seconds.
2020-03-08 09:42:54,345 INFO     Classifier will visit 0 clips for detector "Old Bird Thrush Detector Redux 1.1", station "MSGR", mic output "21c Output", and date 2020-03-08.
2020-03-08 09:42:54,346 INFO     Classified 0 of 0 visited clips in 0.0 seconds.
2020-03-08 09:42:54,348 INFO     Classifier will visit 0 clips for detector "Old Bird Thrush Detector Redux 1.1", station "MSGR", mic output "21c Output", and date 2020-03-09.
2020-03-08 09:42:54,349 INFO     Classified 0 of 0 visited clips in 0.0 seconds.
2020-03-08 09:42:54,351 INFO     Classifier will visit 0 clips for detector "Old Bird Thrush Detector Redux 1.1", station "MSGR", mic output "21c Output", and date 2020-03-10.
2020-03-08 09:42:54,352 INFO     Classified 0 of 0 visited clips in 0.0 seconds.
2020-03-08 09:42:54,354 INFO     Classifier will visit 0 clips for detector "Old Bird Thrush Detector Redux 1.1", station "MSGR", mic output "21c Output", and date 2020-03-11.
2020-03-08 09:42:54,355 INFO     Classified 0 of 0 visited clips in 0.0 seconds.
2020-03-08 09:42:54,357 INFO     Classifier will visit 0 clips for detector "Old Bird Thrush Detector Redux 1.1", station "MSGR", mic output "21c Output", and date 2020-03-12.
2020-03-08 09:42:54,358 INFO     Classified 0 of 0 visited clips in 0.0 seconds.
2020-03-08 09:42:54,359 INFO     Classifier will visit 0 clips for detector "Old Bird Thrush Detector Redux 1.1", station "MSGR", mic output "21c Output", and date 2020-03-13.
2020-03-08 09:42:54,360 INFO     Classified 0 of 0 visited clips in 0.0 seconds.
2020-03-08 09:42:54,362 INFO     Classifier will visit 0 clips for detector "Old Bird Thrush Detector Redux 1.1", station "MSGR", mic output "21c Output", and date 2020-03-14.
2020-03-08 09:42:54,364 INFO     Classified 0 of 0 visited clips in 0.0 seconds.
2020-03-08 09:42:54,367 INFO     Classifier will visit 0 clips for detector "Old Bird Thrush Detector Redux 1.1", station "MSGR", mic output "21c Output", and date 2020-03-15.
2020-03-08 09:42:54,368 INFO     Classified 0 of 0 visited clips in 0.0 seconds.
2020-03-08 09:42:54,370 INFO     Classifier will visit 0 clips for detector "Old Bird Thrush Detector Redux 1.1", station "MSGR", mic output "21c Output", and date 2020-03-16.
2020-03-08 09:42:54,371 INFO     Classified 0 of 0 visited clips in 0.0 seconds.
2020-03-08 09:42:54,372 INFO     Classifier will visit 0 clips for detector "Old Bird Thrush Detector Redux 1.1", station "MSGR", mic output "21c Output", and date 2020-03-17.
2020-03-08 09:42:54,374 INFO     Classified 0 of 0 visited clips in 0.0 seconds.
2020-03-08 09:42:54,376 INFO     Classifier will visit 0 clips for detector "Old Bird Thrush Detector Redux 1.1", station "MSGR", mic output "21c Output", and date 2020-03-18.
2020-03-08 09:42:54,377 INFO     Classified 0 of 0 visited clips in 0.0 seconds.
2020-03-08 09:42:54,378 INFO     Classifier will visit 0 clips for detector "Old Bird Thrush Detector Redux 1.1", station "MSGR", mic output "21c Output", and date 2020-03-19.
2020-03-08 09:42:54,380 INFO     Classified 0 of 0 visited clips in 0.0 seconds.
2020-03-08 09:42:54,381 INFO     Classifier will visit 0 clips for detector "Old Bird Thrush Detector Redux 1.1", station "MSGR", mic output "21c Output", and date 2020-03-20.
2020-03-08 09:42:54,382 INFO     Classified 0 of 0 visited clips in 0.0 seconds.
2020-03-08 09:42:54,383 INFO     Classifier will visit 0 clips for detector "Old Bird Thrush Detector Redux 1.1", station "MSGR", mic output "21c Output", and date 2020-03-21.
2020-03-08 09:42:54,385 INFO     Classified 0 of 0 visited clips in 0.0 seconds.
2020-03-08 09:42:54,387 INFO     Classifier will visit 0 clips for detector "Old Bird Thrush Detector Redux 1.1", station "MSGR", mic output "21c Output", and date 2020-03-22.
2020-03-08 09:42:54,388 INFO     Classified 0 of 0 visited clips in 0.0 seconds.
2020-03-08 09:42:54,390 INFO     Classifier will visit 0 clips for detector "Old Bird Thrush Detector Redux 1.1", station "MSGR", mic output "21c Output", and date 2020-03-23.
2020-03-08 09:42:54,391 INFO     Classified 0 of 0 visited clips in 0.0 seconds.
2020-03-08 09:42:54,394 INFO     Classifier will visit 0 clips for detector "Old Bird Thrush Detector Redux 1.1", station "MSGR", mic output "21c Output", and date 2020-03-24.
2020-03-08 09:42:54,394 INFO     Classified 0 of 0 visited clips in 0.0 seconds.
2020-03-08 09:42:54,397 INFO     Classifier will visit 0 clips for detector "Old Bird Thrush Detector Redux 1.1", station "MSGR", mic output "21c Output", and date 2020-03-25.
2020-03-08 09:42:54,399 INFO     Classified 0 of 0 visited clips in 0.0 seconds.
2020-03-08 09:42:54,400 INFO     Classifier will visit 0 clips for detector "Old Bird Thrush Detector Redux 1.1", station "MSGR", mic output "21c Output", and date 2020-03-26.
2020-03-08 09:42:54,401 INFO     Classified 0 of 0 visited clips in 0.0 seconds.
2020-03-08 09:42:54,402 INFO     Classifier will visit 0 clips for detector "Old Bird Thrush Detector Redux 1.1", station "MSGR", mic output "21c Output", and date 2020-03-27.
2020-03-08 09:42:54,404 INFO     Classified 0 of 0 visited clips in 0.0 seconds.
2020-03-08 09:42:54,406 INFO     Classifier will visit 0 clips for detector "Old Bird Thrush Detector Redux 1.1", station "MSGR", mic output "21c Output", and date 2020-03-28.
2020-03-08 09:42:54,407 INFO     Classified 0 of 0 visited clips in 0.0 seconds.
2020-03-08 09:42:54,409 INFO     Classifier will visit 0 clips for detector "Old Bird Thrush Detector Redux 1.1", station "MSGR", mic output "21c Output", and date 2020-03-29.
2020-03-08 09:42:54,410 INFO     Classified 0 of 0 visited clips in 0.0 seconds.
2020-03-08 09:42:54,412 INFO     Classifier will visit 0 clips for detector "Old Bird Thrush Detector Redux 1.1", station "MSGR", mic output "21c Output", and date 2020-03-30.
2020-03-08 09:42:54,413 INFO     Classified 0 of 0 visited clips in 0.0 seconds.
2020-03-08 09:42:54,415 INFO     Classifier will visit 0 clips for detector "Old Bird Thrush Detector Redux 1.1", station "MSGR", mic output "21c Output", and date 2020-03-31.
2020-03-08 09:42:54,416 INFO     Classified 0 of 0 visited clips in 0.0 seconds.
2020-03-08 09:42:54,417 INFO     Classifier will visit 0 clips for detector "Old Bird Thrush Detector Redux 1.1", station "MSGR", mic output "21c Output", and date 2020-04-01.
2020-03-08 09:42:54,419 INFO     Classified 0 of 0 visited clips in 0.0 seconds.
2020-03-08 09:42:54,420 INFO     Classifier will visit 0 clips for detector "Old Bird Thrush Detector Redux 1.1", station "MSGR", mic output "21c Output", and date 2020-04-02.
2020-03-08 09:42:54,422 INFO     Classified 0 of 0 visited clips in 0.0 seconds.
2020-03-08 09:42:54,423 INFO     Classifier will visit 0 clips for detector "Old Bird Thrush Detector Redux 1.1", station "MSGR", mic output "21c Output", and date 2020-04-03.
2020-03-08 09:42:54,425 INFO     Classified 0 of 0 visited clips in 0.0 seconds.
2020-03-08 09:42:54,426 INFO     Classifier will visit 0 clips for detector "Old Bird Thrush Detector Redux 1.1", station "MSGR", mic output "21c Output", and date 2020-04-04.
2020-03-08 09:42:54,428 INFO     Classified 0 of 0 visited clips in 0.0 seconds.
2020-03-08 09:42:54,430 INFO     Classifier will visit 0 clips for detector "Old Bird Thrush Detector Redux 1.1", station "MSGR", mic output "21c Output", and date 2020-04-05.
2020-03-08 09:42:54,431 INFO     Classified 0 of 0 visited clips in 0.0 seconds.
2020-03-08 09:42:54,434 INFO     Classifier will visit 0 clips for detector "Old Bird Thrush Detector Redux 1.1", station "MSGR", mic output "21c Output", and date 2020-04-06.
2020-03-08 09:42:54,435 INFO     Classified 0 of 0 visited clips in 0.0 seconds.
2020-03-08 09:42:54,437 INFO     Classifier will visit 0 clips for detector "Old Bird Thrush Detector Redux 1.1", station "MSGR", mic output "21c Output", and date 2020-04-07.
2020-03-08 09:42:54,438 INFO     Classified 0 of 0 visited clips in 0.0 seconds.
2020-03-08 09:42:54,440 INFO     Classifier will visit 0 clips for detector "Old Bird Thrush Detector Redux 1.1", station "MSGR", mic output "21c Output", and date 2020-04-08.
2020-03-08 09:42:54,441 INFO     Classified 0 of 0 visited clips in 0.0 seconds.
2020-03-08 09:42:54,443 INFO     Classifier will visit 0 clips for detector "Old Bird Thrush Detector Redux 1.1", station "MSGR", mic output "21c Output", and date 2020-04-09.
2020-03-08 09:42:54,444 INFO     Classified 0 of 0 visited clips in 0.0 seconds.
2020-03-08 09:42:54,446 INFO     Classifier will visit 0 clips for detector "Old Bird Thrush Detector Redux 1.1", station "MSGR", mic output "21c Output", and date 2020-04-10.
2020-03-08 09:42:54,447 INFO     Classified 0 of 0 visited clips in 0.0 seconds.
2020-03-08 09:42:54,449 INFO     Classifier will visit 0 clips for detector "Old Bird Thrush Detector Redux 1.1", station "MSGR", mic output "21c Output", and date 2020-04-11.
2020-03-08 09:42:54,450 INFO     Classified 0 of 0 visited clips in 0.0 seconds.
2020-03-08 09:42:54,452 INFO     Classifier will visit 0 clips for detector "Old Bird Thrush Detector Redux 1.1", station "MSGR", mic output "21c Output", and date 2020-04-12.
2020-03-08 09:42:54,454 INFO     Classified 0 of 0 visited clips in 0.0 seconds.
2020-03-08 09:42:54,455 INFO     Classifier will visit 0 clips for detector "Old Bird Thrush Detector Redux 1.1", station "MSGR", mic output "21c Output", and date 2020-04-13.
2020-03-08 09:42:54,456 INFO     Classified 0 of 0 visited clips in 0.0 seconds.
2020-03-08 09:42:54,458 INFO     Classifier will visit 0 clips for detector "Old Bird Thrush Detector Redux 1.1", station "MSGR", mic output "21c Output", and date 2020-04-14.
2020-03-08 09:42:54,460 INFO     Classified 0 of 0 visited clips in 0.0 seconds.
2020-03-08 09:42:54,461 INFO     Classifier will visit 0 clips for detector "Old Bird Thrush Detector Redux 1.1", station "MSGR", mic output "21c Output", and date 2020-04-15.
2020-03-08 09:42:54,462 INFO     Classified 0 of 0 visited clips in 0.0 seconds.
2020-03-08 09:42:54,465 INFO     Classifier will visit 0 clips for detector "Old Bird Thrush Detector Redux 1.1", station "MSGR", mic output "21c Output", and date 2020-04-16.
2020-03-08 09:42:54,466 INFO     Classified 0 of 0 visited clips in 0.0 seconds.
2020-03-08 09:42:54,469 INFO     Classifier will visit 0 clips for detector "Old Bird Thrush Detector Redux 1.1", station "MSGR", mic output "21c Output", and date 2020-04-17.
2020-03-08 09:42:54,470 INFO     Classified 0 of 0 visited clips in 0.0 seconds.
2020-03-08 09:42:54,472 INFO     Classifier will visit 0 clips for detector "Old Bird Thrush Detector Redux 1.1", station "MSGR", mic output "21c Output", and date 2020-04-18.
2020-03-08 09:42:54,473 INFO     Classified 0 of 0 visited clips in 0.0 seconds.
2020-03-08 09:42:54,475 INFO     Classifier will visit 0 clips for detector "Old Bird Thrush Detector Redux 1.1", station "MSGR", mic output "21c Output", and date 2020-04-19.
2020-03-08 09:42:54,476 INFO     Classified 0 of 0 visited clips in 0.0 seconds.
2020-03-08 09:42:54,477 INFO     Classifier will visit 0 clips for detector "Old Bird Thrush Detector Redux 1.1", station "MSGR", mic output "21c Output", and date 2020-04-20.
2020-03-08 09:42:54,479 INFO     Classified 0 of 0 visited clips in 0.0 seconds.
2020-03-08 09:42:54,480 INFO     Classifier will visit 0 clips for detector "Old Bird Thrush Detector Redux 1.1", station "MSGR", mic output "21c Output", and date 2020-04-21.
2020-03-08 09:42:54,482 INFO     Classified 0 of 0 visited clips in 0.0 seconds.
2020-03-08 09:42:54,484 INFO     Classifier will visit 0 clips for detector "Old Bird Thrush Detector Redux 1.1", station "MSGR", mic output "21c Output", and date 2020-04-22.
2020-03-08 09:42:54,485 INFO     Classified 0 of 0 visited clips in 0.0 seconds.
2020-03-08 09:42:54,486 INFO     Classifier will visit 0 clips for detector "Old Bird Thrush Detector Redux 1.1", station "MSGR", mic output "21c Output", and date 2020-04-23.
2020-03-08 09:42:54,488 INFO     Classified 0 of 0 visited clips in 0.0 seconds.
2020-03-08 09:42:54,490 INFO     Classifier will visit 0 clips for detector "Old Bird Thrush Detector Redux 1.1", station "MSGR", mic output "21c Output", and date 2020-04-24.
2020-03-08 09:42:54,492 INFO     Classified 0 of 0 visited clips in 0.0 seconds.
2020-03-08 09:42:54,494 INFO     Classifier will visit 0 clips for detector "Old Bird Thrush Detector Redux 1.1", station "MSGR", mic output "21c Output", and date 2020-04-25.
2020-03-08 09:42:54,495 INFO     Classified 0 of 0 visited clips in 0.0 seconds.
2020-03-08 09:42:54,496 INFO     Classifier will visit 0 clips for detector "Old Bird Thrush Detector Redux 1.1", station "MSGR", mic output "21c Output", and date 2020-04-26.
2020-03-08 09:42:54,497 INFO     Classified 0 of 0 visited clips in 0.0 seconds.
2020-03-08 09:42:54,499 INFO     Classifier will visit 0 clips for detector "Old Bird Thrush Detector Redux 1.1", station "MSGR", mic output "21c Output", and date 2020-04-27.
2020-03-08 09:42:54,500 INFO     Classified 0 of 0 visited clips in 0.0 seconds.
2020-03-08 09:42:54,501 INFO     Classifier will visit 0 clips for detector "Old Bird Thrush Detector Redux 1.1", station "MSGR", mic output "21c Output", and date 2020-04-28.
2020-03-08 09:42:54,502 INFO     Classified 0 of 0 visited clips in 0.0 seconds.
2020-03-08 09:42:54,506 INFO     Classifier will visit 0 clips for detector "Old Bird Thrush Detector Redux 1.1", station "MSGR", mic output "21c Output", and date 2020-04-29.
2020-03-08 09:42:54,507 INFO     Classified 0 of 0 visited clips in 0.0 seconds.
2020-03-08 09:42:54,509 INFO     Classifier will visit 0 clips for detector "Old Bird Thrush Detector Redux 1.1", station "MSGR", mic output "21c Output", and date 2020-04-30.
2020-03-08 09:42:54,510 INFO     Classified 0 of 0 visited clips in 0.0 seconds.
2020-03-08 09:42:54,512 INFO     Classifier will visit 0 clips for detector "Old Bird Thrush Detector Redux 1.1", station "MSGR", mic output "21c Output", and date 2020-05-01.
2020-03-08 09:42:54,513 INFO     Classified 0 of 0 visited clips in 0.0 seconds.
2020-03-08 09:42:54,515 INFO     Classifier will visit 0 clips for detector "Old Bird Thrush Detector Redux 1.1", station "MSGR", mic output "21c Output", and date 2020-05-02.
2020-03-08 09:42:54,518 INFO     Classified 0 of 0 visited clips in 0.0 seconds.
2020-03-08 09:42:54,519 INFO     Classifier will visit 0 clips for detector "Old Bird Thrush Detector Redux 1.1", station "MSGR", mic output "21c Output", and date 2020-05-03.
2020-03-08 09:42:54,521 INFO     Classified 0 of 0 visited clips in 0.0 seconds.
2020-03-08 09:42:54,522 INFO     Classifier will visit 0 clips for detector "Old Bird Thrush Detector Redux 1.1", station "MSGR", mic output "21c Output", and date 2020-05-04.
2020-03-08 09:42:54,523 INFO     Classified 0 of 0 visited clips in 0.0 seconds.
2020-03-08 09:42:54,524 INFO     Classifier will visit 0 clips for detector "Old Bird Thrush Detector Redux 1.1", station "MSGR", mic output "21c Output", and date 2020-05-05.
2020-03-08 09:42:54,527 INFO     Classified 0 of 0 visited clips in 0.0 seconds.
2020-03-08 09:42:54,528 INFO     Classifier will visit 0 clips for detector "Old Bird Thrush Detector Redux 1.1", station "MSGR", mic output "21c Output", and date 2020-05-06.
2020-03-08 09:42:54,530 INFO     Classified 0 of 0 visited clips in 0.0 seconds.
2020-03-08 09:42:54,532 INFO     Classifier will visit 0 clips for detector "Old Bird Thrush Detector Redux 1.1", station "MSGR", mic output "21c Output", and date 2020-05-07.
2020-03-08 09:42:54,533 INFO     Classified 0 of 0 visited clips in 0.0 seconds.
2020-03-08 09:42:54,535 INFO     Classifier will visit 0 clips for detector "Old Bird Thrush Detector Redux 1.1", station "MSGR", mic output "21c Output", and date 2020-05-08.
2020-03-08 09:42:54,536 INFO     Classified 0 of 0 visited clips in 0.0 seconds.
2020-03-08 09:42:54,538 INFO     Classifier will visit 0 clips for detector "Old Bird Thrush Detector Redux 1.1", station "MSGR", mic output "21c Output", and date 2020-05-09.
2020-03-08 09:42:54,539 INFO     Classified 0 of 0 visited clips in 0.0 seconds.
2020-03-08 09:42:54,540 INFO     Classifier will visit 0 clips for detector "Old Bird Thrush Detector Redux 1.1", station "MSGR", mic output "21c Output", and date 2020-05-10.
2020-03-08 09:42:54,542 INFO     Classified 0 of 0 visited clips in 0.0 seconds.
2020-03-08 09:42:54,543 INFO     Classifier will visit 0 clips for detector "Old Bird Thrush Detector Redux 1.1", station "MSGR", mic output "21c Output", and date 2020-05-11.
2020-03-08 09:42:54,545 INFO     Classified 0 of 0 visited clips in 0.0 seconds.
2020-03-08 09:42:54,546 INFO     Classifier will visit 0 clips for detector "Old Bird Thrush Detector Redux 1.1", station "MSGR", mic output "21c Output", and date 2020-05-12.
2020-03-08 09:42:54,548 INFO     Classified 0 of 0 visited clips in 0.0 seconds.
2020-03-08 09:42:54,549 INFO     Classifier will visit 0 clips for detector "Old Bird Thrush Detector Redux 1.1", station "MSGR", mic output "21c Output", and date 2020-05-13.
2020-03-08 09:42:54,551 INFO     Classified 0 of 0 visited clips in 0.0 seconds.
2020-03-08 09:42:54,552 INFO     Classifier will visit 0 clips for detector "Old Bird Thrush Detector Redux 1.1", station "MSGR", mic output "21c Output", and date 2020-05-14.
2020-03-08 09:42:54,553 INFO     Classified 0 of 0 visited clips in 0.0 seconds.
2020-03-08 09:42:54,554 INFO     Classifier will visit 0 clips for detector "Old Bird Thrush Detector Redux 1.1", station "MSGR", mic output "21c Output", and date 2020-05-15.
2020-03-08 09:42:54,556 INFO     Classified 0 of 0 visited clips in 0.0 seconds.
2020-03-08 09:42:54,557 INFO     Classifier will visit 0 clips for detector "Old Bird Thrush Detector Redux 1.1", station "MSGR", mic output "21c Output", and date 2020-05-16.
2020-03-08 09:42:54,559 INFO     Classified 0 of 0 visited clips in 0.0 seconds.
2020-03-08 09:42:54,562 INFO     Classifier will visit 0 clips for detector "Old Bird Thrush Detector Redux 1.1", station "MSGR", mic output "21c Output", and date 2020-05-17.
2020-03-08 09:42:54,563 INFO     Classified 0 of 0 visited clips in 0.0 seconds.
2020-03-08 09:42:54,565 INFO     Classifier will visit 0 clips for detector "Old Bird Thrush Detector Redux 1.1", station "MSGR", mic output "21c Output", and date 2020-05-18.
2020-03-08 09:42:54,566 INFO     Classified 0 of 0 visited clips in 0.0 seconds.
2020-03-08 09:42:54,567 INFO     Classifier will visit 0 clips for detector "Old Bird Thrush Detector Redux 1.1", station "MSGR", mic output "21c Output", and date 2020-05-19.
2020-03-08 09:42:54,569 INFO     Classified 0 of 0 visited clips in 0.0 seconds.
2020-03-08 09:42:54,571 INFO     Classifier will visit 0 clips for detector "Old Bird Thrush Detector Redux 1.1", station "MSGR", mic output "21c Output", and date 2020-05-20.
2020-03-08 09:42:54,573 INFO     Classified 0 of 0 visited clips in 0.0 seconds.
2020-03-08 09:42:54,574 INFO     Classifier will visit 0 clips for detector "Old Bird Thrush Detector Redux 1.1", station "MSGR", mic output "21c Output", and date 2020-05-21.
2020-03-08 09:42:54,576 INFO     Classified 0 of 0 visited clips in 0.0 seconds.
2020-03-08 09:42:54,577 INFO     Classifier will visit 0 clips for detector "Old Bird Thrush Detector Redux 1.1", station "MSGR", mic output "21c Output", and date 2020-05-22.
2020-03-08 09:42:54,579 INFO     Classified 0 of 0 visited clips in 0.0 seconds.
2020-03-08 09:42:54,580 INFO     Classifier will visit 0 clips for detector "Old Bird Thrush Detector Redux 1.1", station "MSGR", mic output "21c Output", and date 2020-05-23.
2020-03-08 09:42:54,582 INFO     Classified 0 of 0 visited clips in 0.0 seconds.
2020-03-08 09:42:54,584 INFO     Classifier will visit 0 clips for detector "Old Bird Thrush Detector Redux 1.1", station "MSGR", mic output "21c Output", and date 2020-05-24.
2020-03-08 09:42:54,585 INFO     Classified 0 of 0 visited clips in 0.0 seconds.
2020-03-08 09:42:54,587 INFO     Classifier will visit 0 clips for detector "Old Bird Thrush Detector Redux 1.1", station "MSGR", mic output "21c Output", and date 2020-05-25.
2020-03-08 09:42:54,588 INFO     Classified 0 of 0 visited clips in 0.0 seconds.
2020-03-08 09:42:54,590 INFO     Classifier will visit 0 clips for detector "Old Bird Thrush Detector Redux 1.1", station "MSGR", mic output "21c Output", and date 2020-05-26.
2020-03-08 09:42:54,592 INFO     Classified 0 of 0 visited clips in 0.0 seconds.
2020-03-08 09:42:54,593 INFO     Classifier will visit 0 clips for detector "Old Bird Thrush Detector Redux 1.1", station "MSGR", mic output "21c Output", and date 2020-05-27.
2020-03-08 09:42:54,595 INFO     Classified 0 of 0 visited clips in 0.0 seconds.
2020-03-08 09:42:54,596 INFO     Classifier will visit 0 clips for detector "Old Bird Thrush Detector Redux 1.1", station "MSGR", mic output "21c Output", and date 2020-05-28.
2020-03-08 09:42:54,598 INFO     Classified 0 of 0 visited clips in 0.0 seconds.
2020-03-08 09:42:54,599 INFO     Classifier will visit 0 clips for detector "Old Bird Thrush Detector Redux 1.1", station "MSGR", mic output "21c Output", and date 2020-05-29.
2020-03-08 09:42:54,601 INFO     Classified 0 of 0 visited clips in 0.0 seconds.
2020-03-08 09:42:54,603 INFO     Classifier will visit 0 clips for detector "Old Bird Thrush Detector Redux 1.1", station "MSGR", mic output "21c Output", and date 2020-05-30.
2020-03-08 09:42:54,604 INFO     Classified 0 of 0 visited clips in 0.0 seconds.
2020-03-08 09:42:54,606 INFO     Classifier will visit 0 clips for detector "Old Bird Thrush Detector Redux 1.1", station "MSGR", mic output "21c Output", and date 2020-05-31.
2020-03-08 09:42:54,608 INFO     Classified 0 of 0 visited clips in 0.0 seconds.
2020-03-08 09:42:54,609 INFO     Classifier will visit 0 clips for detector "Old Bird Thrush Detector Redux 1.1", station "MSGR", mic output "21c Output", and date 2020-06-01.
2020-03-08 09:42:54,610 INFO     Classified 0 of 0 visited clips in 0.0 seconds.
2020-03-08 09:42:54,611 INFO     Classifier will visit 0 clips for detector "Old Bird Thrush Detector Redux 1.1", station "MSGR", mic output "21c Output", and date 2020-06-02.
2020-03-08 09:42:54,613 INFO     Classified 0 of 0 visited clips in 0.0 seconds.
2020-03-08 09:42:54,615 INFO     Classifier will visit 0 clips for detector "Old Bird Thrush Detector Redux 1.1", station "MSGR", mic output "21c Output", and date 2020-06-03.
2020-03-08 09:42:54,616 INFO     Classified 0 of 0 visited clips in 0.0 seconds.
2020-03-08 09:42:54,618 INFO     Classifier will visit 0 clips for detector "Old Bird Thrush Detector Redux 1.1", station "MSGR", mic output "21c Output", and date 2020-06-04.
2020-03-08 09:42:54,619 INFO     Classified 0 of 0 visited clips in 0.0 seconds.
2020-03-08 09:42:54,620 INFO     Classifier will visit 0 clips for detector "Old Bird Thrush Detector Redux 1.1", station "MSGR", mic output "21c Output", and date 2020-06-05.
2020-03-08 09:42:54,622 INFO     Classified 0 of 0 visited clips in 0.0 seconds.
2020-03-08 09:42:54,624 INFO     Classifier will visit 0 clips for detector "Old Bird Thrush Detector Redux 1.1", station "MSGR", mic output "21c Output", and date 2020-06-06.
2020-03-08 09:42:54,625 INFO     Classified 0 of 0 visited clips in 0.0 seconds.
2020-03-08 09:42:54,627 INFO     Classifier will visit 0 clips for detector "Old Bird Thrush Detector Redux 1.1", station "MSGR", mic output "21c Output", and date 2020-06-07.
2020-03-08 09:42:54,628 INFO     Classified 0 of 0 visited clips in 0.0 seconds.
2020-03-08 09:42:54,630 INFO     Classifier will visit 0 clips for detector "Old Bird Thrush Detector Redux 1.1", station "MSGR", mic output "21c Output", and date 2020-06-08.
2020-03-08 09:42:54,632 INFO     Classified 0 of 0 visited clips in 0.0 seconds.
2020-03-08 09:42:54,633 INFO     Classifier will visit 0 clips for detector "Old Bird Thrush Detector Redux 1.1", station "MSGR", mic output "21c Output", and date 2020-06-09.
2020-03-08 09:42:54,635 INFO     Classified 0 of 0 visited clips in 0.0 seconds.
2020-03-08 09:42:54,637 INFO     Classifier will visit 0 clips for detector "Old Bird Thrush Detector Redux 1.1", station "MSGR", mic output "21c Output", and date 2020-06-10.
2020-03-08 09:42:54,638 INFO     Classified 0 of 0 visited clips in 0.0 seconds.
2020-03-08 09:42:54,640 INFO     Classifier will visit 0 clips for detector "Old Bird Thrush Detector Redux 1.1", station "MSGR", mic output "21c Output", and date 2020-06-11.
2020-03-08 09:42:54,641 INFO     Classified 0 of 0 visited clips in 0.0 seconds.
2020-03-08 09:42:54,642 INFO     Classifier will visit 0 clips for detector "Old Bird Thrush Detector Redux 1.1", station "MSGR", mic output "21c Output", and date 2020-06-12.
2020-03-08 09:42:54,644 INFO     Classified 0 of 0 visited clips in 0.0 seconds.
2020-03-08 09:42:54,645 INFO     Classifier will visit 0 clips for detector "Old Bird Thrush Detector Redux 1.1", station "MSGR", mic output "21c Output", and date 2020-06-13.
2020-03-08 09:42:54,646 INFO     Classified 0 of 0 visited clips in 0.0 seconds.
2020-03-08 09:42:54,648 INFO     Classifier will visit 0 clips for detector "Old Bird Thrush Detector Redux 1.1", station "MSGR", mic output "21c Output", and date 2020-06-14.
2020-03-08 09:42:54,650 INFO     Classified 0 of 0 visited clips in 0.0 seconds.
2020-03-08 09:42:54,652 INFO     Classifier will visit 0 clips for detector "Old Bird Thrush Detector Redux 1.1", station "MSGR", mic output "21c Output", and date 2020-06-15.
2020-03-08 09:42:54,653 INFO     Classified 0 of 0 visited clips in 0.0 seconds.
2020-03-08 09:42:54,655 INFO     Classifier will visit 0 clips for detector "Old Bird Thrush Detector Redux 1.1", station "MSGR", mic output "21c Output", and date 2020-06-16.
2020-03-08 09:42:54,656 INFO     Classified 0 of 0 visited clips in 0.0 seconds.
2020-03-08 09:42:54,657 INFO     Classifier will visit 0 clips for detector "Old Bird Thrush Detector Redux 1.1", station "MSGR", mic output "21c Output", and date 2020-06-17.
2020-03-08 09:42:54,659 INFO     Classified 0 of 0 visited clips in 0.0 seconds.
2020-03-08 09:42:54,661 INFO     Classifier will visit 0 clips for detector "Old Bird Thrush Detector Redux 1.1", station "MSGR", mic output "21c Output", and date 2020-06-18.
2020-03-08 09:42:54,662 INFO     Classified 0 of 0 visited clips in 0.0 seconds.
2020-03-08 09:42:54,664 INFO     Classifier will visit 0 clips for detector "Old Bird Thrush Detector Redux 1.1", station "MSGR", mic output "21c Output", and date 2020-06-19.
2020-03-08 09:42:54,665 INFO     Classified 0 of 0 visited clips in 0.0 seconds.
2020-03-08 09:42:54,667 INFO     Classifier will visit 0 clips for detector "Old Bird Thrush Detector Redux 1.1", station "MSGR", mic output "21c Output", and date 2020-06-20.
2020-03-08 09:42:54,668 INFO     Classified 0 of 0 visited clips in 0.0 seconds.
2020-03-08 09:42:54,670 INFO     Classifier will visit 0 clips for detector "Old Bird Thrush Detector Redux 1.1", station "MSGR", mic output "21c Output", and date 2020-06-21.
2020-03-08 09:42:54,671 INFO     Classified 0 of 0 visited clips in 0.0 seconds.
2020-03-08 09:42:54,674 INFO     Classifier will visit 0 clips for detector "Old Bird Thrush Detector Redux 1.1", station "MSGR", mic output "21c Output", and date 2020-06-22.
2020-03-08 09:42:54,675 INFO     Classified 0 of 0 visited clips in 0.0 seconds.
2020-03-08 09:42:54,677 INFO     Classifier will visit 0 clips for detector "Old Bird Thrush Detector Redux 1.1", station "MSGR", mic output "21c Output", and date 2020-06-23.
2020-03-08 09:42:54,678 INFO     Classified 0 of 0 visited clips in 0.0 seconds.
2020-03-08 09:42:54,679 INFO     Classifier will visit 0 clips for detector "Old Bird Thrush Detector Redux 1.1", station "MSGR", mic output "21c Output", and date 2020-06-24.
2020-03-08 09:42:54,681 INFO     Classified 0 of 0 visited clips in 0.0 seconds.
2020-03-08 09:42:54,684 INFO     Classifier will visit 0 clips for detector "Old Bird Thrush Detector Redux 1.1", station "MSGR", mic output "21c Output", and date 2020-06-25.
2020-03-08 09:42:54,685 INFO     Classified 0 of 0 visited clips in 0.0 seconds.
2020-03-08 09:42:54,686 INFO     Classifier will visit 0 clips for detector "Old Bird Thrush Detector Redux 1.1", station "MSGR", mic output "21c Output", and date 2020-06-26.
2020-03-08 09:42:54,688 INFO     Classified 0 of 0 visited clips in 0.0 seconds.
2020-03-08 09:42:54,689 INFO     Classifier will visit 0 clips for detector "Old Bird Thrush Detector Redux 1.1", station "MSGR", mic output "21c Output", and date 2020-06-27.
2020-03-08 09:42:54,690 INFO     Classified 0 of 0 visited clips in 0.0 seconds.
2020-03-08 09:42:54,693 INFO     Classifier will visit 0 clips for detector "Old Bird Thrush Detector Redux 1.1", station "MSGR", mic output "21c Output", and date 2020-06-28.
2020-03-08 09:42:54,694 INFO     Classified 0 of 0 visited clips in 0.0 seconds.
2020-03-08 09:42:54,695 INFO     Classifier will visit 0 clips for detector "Old Bird Thrush Detector Redux 1.1", station "MSGR", mic output "21c Output", and date 2020-06-29.
2020-03-08 09:42:54,697 INFO     Classified 0 of 0 visited clips in 0.0 seconds.
2020-03-08 09:42:54,699 INFO     Classifier will visit 0 clips for detector "Old Bird Thrush Detector Redux 1.1", station "MSGR", mic output "21c Output", and date 2020-06-30.
2020-03-08 09:42:54,700 INFO     Classified 0 of 0 visited clips in 0.0 seconds.
2020-03-08 09:42:54,702 INFO     Classifier will visit 0 clips for detector "Old Bird Thrush Detector Redux 1.1", station "MSGR", mic output "21c Output", and date 2020-07-01.
2020-03-08 09:42:54,703 INFO     Classified 0 of 0 visited clips in 0.0 seconds.
2020-03-08 09:42:54,704 INFO     Classifier will visit 0 clips for detector "Old Bird Thrush Detector Redux 1.1", station "MSGR", mic output "21c Output", and date 2020-07-02.
2020-03-08 09:42:54,706 INFO     Classified 0 of 0 visited clips in 0.0 seconds.
2020-03-08 09:42:54,708 INFO     Classifier will visit 0 clips for detector "Old Bird Thrush Detector Redux 1.1", station "MSGR", mic output "21c Output", and date 2020-07-03.
2020-03-08 09:42:54,709 INFO     Classified 0 of 0 visited clips in 0.0 seconds.
2020-03-08 09:42:54,710 INFO     Classifier will visit 0 clips for detector "Old Bird Thrush Detector Redux 1.1", station "MSGR", mic output "21c Output", and date 2020-07-04.
2020-03-08 09:42:54,711 INFO     Classified 0 of 0 visited clips in 0.0 seconds.
2020-03-08 09:42:54,713 INFO     Classifier will visit 0 clips for detector "Old Bird Thrush Detector Redux 1.1", station "MSGR", mic output "21c Output", and date 2020-07-05.
2020-03-08 09:42:54,714 INFO     Classified 0 of 0 visited clips in 0.0 seconds.
2020-03-08 09:42:54,716 INFO     Classifier will visit 0 clips for detector "Old Bird Thrush Detector Redux 1.1", station "MSGR", mic output "21c Output", and date 2020-07-06.
2020-03-08 09:42:54,717 INFO     Classified 0 of 0 visited clips in 0.0 seconds.
2020-03-08 09:42:54,719 INFO     Classifier will visit 0 clips for detector "Old Bird Thrush Detector Redux 1.1", station "MSGR", mic output "21c Output", and date 2020-07-07.
2020-03-08 09:42:54,720 INFO     Classified 0 of 0 visited clips in 0.0 seconds.
2020-03-08 09:42:54,721 INFO     Classifier will visit 0 clips for detector "Old Bird Thrush Detector Redux 1.1", station "MSGR", mic output "21c Output", and date 2020-07-08.
2020-03-08 09:42:54,722 INFO     Classified 0 of 0 visited clips in 0.0 seconds.
2020-03-08 09:42:54,724 INFO     Classifier will visit 0 clips for detector "Old Bird Thrush Detector Redux 1.1", station "MSGR", mic output "21c Output", and date 2020-07-09.
2020-03-08 09:42:54,725 INFO     Classified 0 of 0 visited clips in 0.0 seconds.
2020-03-08 09:42:54,728 INFO     Classifier will visit 0 clips for detector "Old Bird Thrush Detector Redux 1.1", station "MSGR", mic output "21c Output", and date 2020-07-10.
2020-03-08 09:42:54,729 INFO     Classified 0 of 0 visited clips in 0.0 seconds.
2020-03-08 09:42:54,730 INFO     Classifier will visit 0 clips for detector "Old Bird Thrush Detector Redux 1.1", station "MSGR", mic output "21c Output", and date 2020-07-11.
2020-03-08 09:42:54,732 INFO     Classified 0 of 0 visited clips in 0.0 seconds.
2020-03-08 09:42:54,733 INFO     Classifier will visit 0 clips for detector "Old Bird Thrush Detector Redux 1.1", station "MSGR", mic output "21c Output", and date 2020-07-12.
2020-03-08 09:42:54,736 INFO     Classified 0 of 0 visited clips in 0.0 seconds.
2020-03-08 09:42:54,737 INFO     Classifier will visit 0 clips for detector "Old Bird Thrush Detector Redux 1.1", station "MSGR", mic output "21c Output", and date 2020-07-13.
2020-03-08 09:42:54,739 INFO     Classified 0 of 0 visited clips in 0.0 seconds.
2020-03-08 09:42:54,740 INFO     Classifier will visit 0 clips for detector "Old Bird Thrush Detector Redux 1.1", station "MSGR", mic output "21c Output", and date 2020-07-14.
2020-03-08 09:42:54,742 INFO     Classified 0 of 0 visited clips in 0.0 seconds.
2020-03-08 09:42:54,743 INFO     Classifier will visit 0 clips for detector "Old Bird Thrush Detector Redux 1.1", station "MSGR", mic output "21c Output", and date 2020-07-15.
2020-03-08 09:42:54,744 INFO     Classified 0 of 0 visited clips in 0.0 seconds.
2020-03-08 09:42:54,747 INFO     Classifier will visit 0 clips for detector "Old Bird Thrush Detector Redux 1.1", station "MSGR", mic output "21c Output", and date 2020-07-16.
2020-03-08 09:42:54,748 INFO     Classified 0 of 0 visited clips in 0.0 seconds.
2020-03-08 09:42:54,750 INFO     Classifier will visit 0 clips for detector "Old Bird Thrush Detector Redux 1.1", station "MSGR", mic output "21c Output", and date 2020-07-17.
2020-03-08 09:42:54,752 INFO     Classified 0 of 0 visited clips in 0.0 seconds.
2020-03-08 09:42:54,753 INFO     Classifier will visit 0 clips for detector "Old Bird Thrush Detector Redux 1.1", station "MSGR", mic output "21c Output", and date 2020-07-18.
2020-03-08 09:42:54,754 INFO     Classified 0 of 0 visited clips in 0.0 seconds.
2020-03-08 09:42:54,756 INFO     Classifier will visit 0 clips for detector "Old Bird Thrush Detector Redux 1.1", station "MSGR", mic output "21c Output", and date 2020-07-19.
2020-03-08 09:42:54,758 INFO     Classified 0 of 0 visited clips in 0.0 seconds.
2020-03-08 09:42:54,759 INFO     Classifier will visit 0 clips for detector "Old Bird Thrush Detector Redux 1.1", station "MSGR", mic output "21c Output", and date 2020-07-20.
2020-03-08 09:42:54,761 INFO     Classified 0 of 0 visited clips in 0.0 seconds.
2020-03-08 09:42:54,762 INFO     Classifier will visit 0 clips for detector "Old Bird Thrush Detector Redux 1.1", station "MSGR", mic output "21c Output", and date 2020-07-21.
2020-03-08 09:42:54,764 INFO     Classified 0 of 0 visited clips in 0.0 seconds.
2020-03-08 09:42:54,766 INFO     Classifier will visit 0 clips for detector "Old Bird Thrush Detector Redux 1.1", station "MSGR", mic output "21c Output", and date 2020-07-22.
2020-03-08 09:42:54,767 INFO     Classified 0 of 0 visited clips in 0.0 seconds.
2020-03-08 09:42:54,769 INFO     Classifier will visit 0 clips for detector "Old Bird Thrush Detector Redux 1.1", station "MSGR", mic output "21c Output", and date 2020-07-23.
2020-03-08 09:42:54,769 INFO     Classified 0 of 0 visited clips in 0.0 seconds.
2020-03-08 09:42:54,772 INFO     Classifier will visit 0 clips for detector "Old Bird Thrush Detector Redux 1.1", station "MSGR", mic output "21c Output", and date 2020-07-24.
2020-03-08 09:42:54,773 INFO     Classified 0 of 0 visited clips in 0.0 seconds.
2020-03-08 09:42:54,775 INFO     Classifier will visit 0 clips for detector "Old Bird Thrush Detector Redux 1.1", station "MSGR", mic output "21c Output", and date 2020-07-25.
2020-03-08 09:42:54,776 INFO     Classified 0 of 0 visited clips in 0.0 seconds.
2020-03-08 09:42:54,778 INFO     Classifier will visit 0 clips for detector "Old Bird Thrush Detector Redux 1.1", station "MSGR", mic output "21c Output", and date 2020-07-26.
2020-03-08 09:42:54,778 INFO     Classified 0 of 0 visited clips in 0.0 seconds.
2020-03-08 09:42:54,779 INFO     Classifier will visit 0 clips for detector "Old Bird Thrush Detector Redux 1.1", station "MSGR", mic output "21c Output", and date 2020-07-27.
2020-03-08 09:42:54,781 INFO     Classified 0 of 0 visited clips in 0.0 seconds.
2020-03-08 09:42:54,782 INFO     Classifier will visit 0 clips for detector "Old Bird Thrush Detector Redux 1.1", station "MSGR", mic output "21c Output", and date 2020-07-28.
2020-03-08 09:42:54,785 INFO     Classified 0 of 0 visited clips in 0.0 seconds.
2020-03-08 09:42:54,786 INFO     Classifier will visit 0 clips for detector "Old Bird Thrush Detector Redux 1.1", station "MSGR", mic output "21c Output", and date 2020-07-29.
2020-03-08 09:42:54,788 INFO     Classified 0 of 0 visited clips in 0.0 seconds.
2020-03-08 09:42:54,789 INFO     Classifier will visit 0 clips for detector "Old Bird Thrush Detector Redux 1.1", station "MSGR", mic output "21c Output", and date 2020-07-30.
2020-03-08 09:42:54,791 INFO     Classified 0 of 0 visited clips in 0.0 seconds.
2020-03-08 09:42:54,792 INFO     Classifier will visit 0 clips for detector "Old Bird Thrush Detector Redux 1.1", station "MSGR", mic output "21c Output", and date 2020-07-31.
2020-03-08 09:42:54,794 INFO     Classified 0 of 0 visited clips in 0.0 seconds.
2020-03-08 09:42:54,795 INFO     Classifier will visit 0 clips for detector "Old Bird Thrush Detector Redux 1.1", station "MSGR", mic output "21c Output", and date 2020-08-01.
2020-03-08 09:42:54,797 INFO     Classified 0 of 0 visited clips in 0.0 seconds.
2020-03-08 09:42:54,799 INFO     Classifier will visit 0 clips for detector "Old Bird Thrush Detector Redux 1.1", station "MSGR", mic output "21c Output", and date 2020-08-02.
2020-03-08 09:42:54,801 INFO     Classified 0 of 0 visited clips in 0.0 seconds.
2020-03-08 09:42:54,802 INFO     Classifier will visit 0 clips for detector "Old Bird Thrush Detector Redux 1.1", station "MSGR", mic output "21c Output", and date 2020-08-03.
2020-03-08 09:42:54,804 INFO     Classified 0 of 0 visited clips in 0.0 seconds.
2020-03-08 09:42:54,805 INFO     Classifier will visit 0 clips for detector "Old Bird Thrush Detector Redux 1.1", station "MSGR", mic output "21c Output", and date 2020-08-04.
2020-03-08 09:42:54,806 INFO     Classified 0 of 0 visited clips in 0.0 seconds.
2020-03-08 09:42:54,808 INFO     Classifier will visit 0 clips for detector "Old Bird Thrush Detector Redux 1.1", station "MSGR", mic output "21c Output", and date 2020-08-05.
2020-03-08 09:42:54,809 INFO     Classified 0 of 0 visited clips in 0.0 seconds.
2020-03-08 09:42:54,811 INFO     Classifier will visit 0 clips for detector "Old Bird Thrush Detector Redux 1.1", station "MSGR", mic output "21c Output", and date 2020-08-06.
2020-03-08 09:42:54,812 INFO     Classified 0 of 0 visited clips in 0.0 seconds.
2020-03-08 09:42:54,814 INFO     Classifier will visit 0 clips for detector "Old Bird Thrush Detector Redux 1.1", station "MSGR", mic output "21c Output", and date 2020-08-07.
2020-03-08 09:42:54,815 INFO     Classified 0 of 0 visited clips in 0.0 seconds.
2020-03-08 09:42:54,818 INFO     Classifier will visit 0 clips for detector "Old Bird Thrush Detector Redux 1.1", station "MSGR", mic output "21c Output", and date 2020-08-08.
2020-03-08 09:42:54,819 INFO     Classified 0 of 0 visited clips in 0.0 seconds.
2020-03-08 09:42:54,821 INFO     Classifier will visit 0 clips for detector "Old Bird Thrush Detector Redux 1.1", station "MSGR", mic output "21c Output", and date 2020-08-09.
2020-03-08 09:42:54,823 INFO     Classified 0 of 0 visited clips in 0.0 seconds.
2020-03-08 09:42:54,825 INFO     Classifier will visit 0 clips for detector "Old Bird Thrush Detector Redux 1.1", station "MSGR", mic output "21c Output", and date 2020-08-10.
2020-03-08 09:42:54,826 INFO     Classified 0 of 0 visited clips in 0.0 seconds.
2020-03-08 09:42:54,828 INFO     Classifier will visit 0 clips for detector "Old Bird Thrush Detector Redux 1.1", station "MSGR", mic output "21c Output", and date 2020-08-11.
2020-03-08 09:42:54,829 INFO     Classified 0 of 0 visited clips in 0.0 seconds.
2020-03-08 09:42:54,831 INFO     Classifier will visit 0 clips for detector "Old Bird Thrush Detector Redux 1.1", station "MSGR", mic output "21c Output", and date 2020-08-12.
2020-03-08 09:42:54,832 INFO     Classified 0 of 0 visited clips in 0.0 seconds.
2020-03-08 09:42:54,834 INFO     Classifier will visit 0 clips for detector "Old Bird Thrush Detector Redux 1.1", station "MSGR", mic output "21c Output", and date 2020-08-13.
2020-03-08 09:42:54,836 INFO     Classified 0 of 0 visited clips in 0.0 seconds.
2020-03-08 09:42:54,838 INFO     Classifier will visit 0 clips for detector "Old Bird Thrush Detector Redux 1.1", station "MSGR", mic output "21c Output", and date 2020-08-14.
2020-03-08 09:42:54,839 INFO     Classified 0 of 0 visited clips in 0.0 seconds.
2020-03-08 09:42:54,841 INFO     Classifier will visit 0 clips for detector "Old Bird Thrush Detector Redux 1.1", station "MSGR", mic output "21c Output", and date 2020-08-15.
2020-03-08 09:42:54,842 INFO     Classified 0 of 0 visited clips in 0.0 seconds.
2020-03-08 09:42:54,844 INFO     Classifier will visit 0 clips for detector "Old Bird Thrush Detector Redux 1.1", station "MSGR", mic output "21c Output", and date 2020-08-16.
2020-03-08 09:42:54,845 INFO     Classified 0 of 0 visited clips in 0.0 seconds.
2020-03-08 09:42:54,847 INFO     Classifier will visit 0 clips for detector "Old Bird Thrush Detector Redux 1.1", station "MSGR", mic output "21c Output", and date 2020-08-17.
2020-03-08 09:42:54,848 INFO     Classified 0 of 0 visited clips in 0.0 seconds.
2020-03-08 09:42:54,850 INFO     Classifier will visit 0 clips for detector "Old Bird Thrush Detector Redux 1.1", station "MSGR", mic output "21c Output", and date 2020-08-18.
2020-03-08 09:42:54,851 INFO     Classified 0 of 0 visited clips in 0.0 seconds.
2020-03-08 09:42:54,853 INFO     Classifier will visit 0 clips for detector "Old Bird Thrush Detector Redux 1.1", station "MSGR", mic output "21c Output", and date 2020-08-19.
2020-03-08 09:42:54,854 INFO     Classified 0 of 0 visited clips in 0.0 seconds.
2020-03-08 09:42:54,855 INFO     Classifier will visit 0 clips for detector "Old Bird Thrush Detector Redux 1.1", station "MSGR", mic output "21c Output", and date 2020-08-20.
2020-03-08 09:42:54,857 INFO     Classified 0 of 0 visited clips in 0.0 seconds.
2020-03-08 09:42:54,858 INFO     Classifier will visit 0 clips for detector "Old Bird Thrush Detector Redux 1.1", station "MSGR", mic output "21c Output", and date 2020-08-21.
2020-03-08 09:42:54,860 INFO     Classified 0 of 0 visited clips in 0.0 seconds.
2020-03-08 09:42:54,861 INFO     Classifier will visit 0 clips for detector "Old Bird Thrush Detector Redux 1.1", station "MSGR", mic output "21c Output", and date 2020-08-22.
2020-03-08 09:42:54,862 INFO     Classified 0 of 0 visited clips in 0.0 seconds.
2020-03-08 09:42:54,864 INFO     Classifier will visit 0 clips for detector "Old Bird Thrush Detector Redux 1.1", station "MSGR", mic output "21c Output", and date 2020-08-23.
2020-03-08 09:42:54,867 INFO     Classified 0 of 0 visited clips in 0.0 seconds.
2020-03-08 09:42:54,869 INFO     Classifier will visit 0 clips for detector "Old Bird Thrush Detector Redux 1.1", station "MSGR", mic output "21c Output", and date 2020-08-24.
2020-03-08 09:42:54,870 INFO     Classified 0 of 0 visited clips in 0.0 seconds.
2020-03-08 09:42:54,872 INFO     Classifier will visit 0 clips for detector "Old Bird Thrush Detector Redux 1.1", station "MSGR", mic output "21c Output", and date 2020-08-25.
2020-03-08 09:42:54,873 INFO     Classified 0 of 0 visited clips in 0.0 seconds.
2020-03-08 09:42:54,875 INFO     Classifier will visit 0 clips for detector "Old Bird Thrush Detector Redux 1.1", station "MSGR", mic output "21c Output", and date 2020-08-26.
2020-03-08 09:42:54,876 INFO     Classified 0 of 0 visited clips in 0.0 seconds.
2020-03-08 09:42:54,878 INFO     Classifier will visit 0 clips for detector "Old Bird Thrush Detector Redux 1.1", station "MSGR", mic output "21c Output", and date 2020-08-27.
2020-03-08 09:42:54,879 INFO     Classified 0 of 0 visited clips in 0.0 seconds.
2020-03-08 09:42:54,881 INFO     Classifier will visit 0 clips for detector "Old Bird Thrush Detector Redux 1.1", station "MSGR", mic output "21c Output", and date 2020-08-28.
2020-03-08 09:42:54,882 INFO     Classified 0 of 0 visited clips in 0.0 seconds.
2020-03-08 09:42:54,884 INFO     Classifier will visit 0 clips for detector "Old Bird Thrush Detector Redux 1.1", station "MSGR", mic output "21c Output", and date 2020-08-29.
2020-03-08 09:42:54,885 INFO     Classified 0 of 0 visited clips in 0.0 seconds.
2020-03-08 09:42:54,887 INFO     Classifier will visit 0 clips for detector "Old Bird Thrush Detector Redux 1.1", station "MSGR", mic output "21c Output", and date 2020-08-30.
2020-03-08 09:42:54,888 INFO     Classified 0 of 0 visited clips in 0.0 seconds.
2020-03-08 09:42:54,890 INFO     Classifier will visit 0 clips for detector "Old Bird Thrush Detector Redux 1.1", station "MSGR", mic output "21c Output", and date 2020-08-31.
2020-03-08 09:42:54,891 INFO     Classified 0 of 0 visited clips in 0.0 seconds.
2020-03-08 09:42:54,893 INFO     Classifier will visit 0 clips for detector "Old Bird Thrush Detector Redux 1.1", station "MSGR", mic output "21c Output", and date 2020-09-01.
2020-03-08 09:42:54,894 INFO     Classified 0 of 0 visited clips in 0.0 seconds.
2020-03-08 09:42:54,896 INFO     Classifier will visit 0 clips for detector "Old Bird Thrush Detector Redux 1.1", station "MSGR", mic output "21c Output", and date 2020-09-02.
2020-03-08 09:42:54,898 INFO     Classified 0 of 0 visited clips in 0.0 seconds.
2020-03-08 09:42:54,899 INFO     Classifier will visit 0 clips for detector "Old Bird Thrush Detector Redux 1.1", station "MSGR", mic output "21c Output", and date 2020-09-03.
2020-03-08 09:42:54,901 INFO     Classified 0 of 0 visited clips in 0.0 seconds.
2020-03-08 09:42:54,903 INFO     Classifier will visit 0 clips for detector "Old Bird Thrush Detector Redux 1.1", station "MSGR", mic output "21c Output", and date 2020-09-04.
2020-03-08 09:42:54,905 INFO     Classified 0 of 0 visited clips in 0.0 seconds.
2020-03-08 09:42:54,907 INFO     Classifier will visit 0 clips for detector "Old Bird Thrush Detector Redux 1.1", station "MSGR", mic output "21c Output", and date 2020-09-05.
2020-03-08 09:42:54,908 INFO     Classified 0 of 0 visited clips in 0.0 seconds.
2020-03-08 09:42:54,910 INFO     Classifier will visit 0 clips for detector "Old Bird Thrush Detector Redux 1.1", station "MSGR", mic output "21c Output", and date 2020-09-06.
2020-03-08 09:42:54,911 INFO     Classified 0 of 0 visited clips in 0.0 seconds.
2020-03-08 09:42:54,913 INFO     Classifier will visit 0 clips for detector "Old Bird Thrush Detector Redux 1.1", station "MSGR", mic output "21c Output", and date 2020-09-07.
2020-03-08 09:42:54,914 INFO     Classified 0 of 0 visited clips in 0.0 seconds.
2020-03-08 09:42:54,917 INFO     Classifier will visit 0 clips for detector "Old Bird Thrush Detector Redux 1.1", station "MSGR", mic output "21c Output", and date 2020-09-08.
2020-03-08 09:42:54,918 INFO     Classified 0 of 0 visited clips in 0.0 seconds.
2020-03-08 09:42:54,919 INFO     Classifier will visit 0 clips for detector "Old Bird Thrush Detector Redux 1.1", station "MSGR", mic output "21c Output", and date 2020-09-09.
2020-03-08 09:42:54,921 INFO     Classified 0 of 0 visited clips in 0.0 seconds.
2020-03-08 09:42:54,923 INFO     Classifier will visit 0 clips for detector "Old Bird Thrush Detector Redux 1.1", station "MSGR", mic output "21c Output", and date 2020-09-10.
2020-03-08 09:42:54,924 INFO     Classified 0 of 0 visited clips in 0.0 seconds.
2020-03-08 09:42:54,926 INFO     Classifier will visit 0 clips for detector "Old Bird Thrush Detector Redux 1.1", station "MSGR", mic output "21c Output", and date 2020-09-11.
2020-03-08 09:42:54,928 INFO     Classified 0 of 0 visited clips in 0.0 seconds.
2020-03-08 09:42:54,929 INFO     Classifier will visit 0 clips for detector "Old Bird Thrush Detector Redux 1.1", station "MSGR", mic output "21c Output", and date 2020-09-12.
2020-03-08 09:42:54,931 INFO     Classified 0 of 0 visited clips in 0.0 seconds.
2020-03-08 09:42:54,933 INFO     Classifier will visit 0 clips for detector "Old Bird Thrush Detector Redux 1.1", station "MSGR", mic output "21c Output", and date 2020-09-13.
2020-03-08 09:42:54,934 INFO     Classified 0 of 0 visited clips in 0.0 seconds.
2020-03-08 09:42:54,936 INFO     Classifier will visit 0 clips for detector "Old Bird Thrush Detector Redux 1.1", station "MSGR", mic output "21c Output", and date 2020-09-14.
2020-03-08 09:42:54,937 INFO     Classified 0 of 0 visited clips in 0.0 seconds.
2020-03-08 09:42:54,939 INFO     Classifier will visit 0 clips for detector "Old Bird Thrush Detector Redux 1.1", station "MSGR", mic output "21c Output", and date 2020-09-15.
2020-03-08 09:42:54,940 INFO     Classified 0 of 0 visited clips in 0.0 seconds.
2020-03-08 09:42:54,942 INFO     Classifier will visit 0 clips for detector "Old Bird Thrush Detector Redux 1.1", station "MSGR", mic output "21c Output", and date 2020-09-16.
2020-03-08 09:42:54,943 INFO     Classified 0 of 0 visited clips in 0.0 seconds.
2020-03-08 09:42:54,945 INFO     Classifier will visit 0 clips for detector "Old Bird Thrush Detector Redux 1.1", station "MSGR", mic output "21c Output", and date 2020-09-17.
2020-03-08 09:42:54,946 INFO     Classified 0 of 0 visited clips in 0.0 seconds.
2020-03-08 09:42:54,947 INFO     Classifier will visit 0 clips for detector "Old Bird Thrush Detector Redux 1.1", station "MSGR", mic output "21c Output", and date 2020-09-18.
2020-03-08 09:42:54,949 INFO     Classified 0 of 0 visited clips in 0.0 seconds.
2020-03-08 09:42:54,950 INFO     Classifier will visit 0 clips for detector "Old Bird Thrush Detector Redux 1.1", station "MSGR", mic output "21c Output", and date 2020-09-19.
2020-03-08 09:42:54,952 INFO     Classified 0 of 0 visited clips in 0.0 seconds.
2020-03-08 09:42:54,953 INFO     Classifier will visit 0 clips for detector "Old Bird Thrush Detector Redux 1.1", station "MSGR", mic output "21c Output", and date 2020-09-20.
2020-03-08 09:42:54,955 INFO     Classified 0 of 0 visited clips in 0.0 seconds.
2020-03-08 09:42:54,957 INFO     Classifier will visit 0 clips for detector "Old Bird Thrush Detector Redux 1.1", station "MSGR", mic output "21c Output", and date 2020-09-21.
2020-03-08 09:42:54,958 INFO     Classified 0 of 0 visited clips in 0.0 seconds.
2020-03-08 09:42:54,960 INFO     Classifier will visit 0 clips for detector "Old Bird Thrush Detector Redux 1.1", station "MSGR", mic output "21c Output", and date 2020-09-22.
2020-03-08 09:42:54,961 INFO     Classified 0 of 0 visited clips in 0.0 seconds.
2020-03-08 09:42:54,964 INFO     Classifier will visit 0 clips for detector "Old Bird Thrush Detector Redux 1.1", station "MSGR", mic output "21c Output", and date 2020-09-23.
2020-03-08 09:42:54,966 INFO     Classified 0 of 0 visited clips in 0.0 seconds.
2020-03-08 09:42:54,967 INFO     Classifier will visit 0 clips for detector "Old Bird Thrush Detector Redux 1.1", station "MSGR", mic output "21c Output", and date 2020-09-24.
2020-03-08 09:42:54,969 INFO     Classified 0 of 0 visited clips in 0.0 seconds.
2020-03-08 09:42:54,970 INFO     Classifier will visit 0 clips for detector "Old Bird Thrush Detector Redux 1.1", station "MSGR", mic output "21c Output", and date 2020-09-25.
2020-03-08 09:42:54,972 INFO     Classified 0 of 0 visited clips in 0.0 seconds.
2020-03-08 09:42:54,974 INFO     Classifier will visit 0 clips for detector "Old Bird Thrush Detector Redux 1.1", station "MSGR", mic output "21c Output", and date 2020-09-26.
2020-03-08 09:42:54,975 INFO     Classified 0 of 0 visited clips in 0.0 seconds.
2020-03-08 09:42:54,977 INFO     Classifier will visit 0 clips for detector "Old Bird Thrush Detector Redux 1.1", station "MSGR", mic output "21c Output", and date 2020-09-27.
2020-03-08 09:42:54,978 INFO     Classified 0 of 0 visited clips in 0.0 seconds.
2020-03-08 09:42:54,979 INFO     Classifier will visit 0 clips for detector "Old Bird Thrush Detector Redux 1.1", station "MSGR", mic output "21c Output", and date 2020-09-28.
2020-03-08 09:42:54,981 INFO     Classified 0 of 0 visited clips in 0.0 seconds.
2020-03-08 09:42:54,983 INFO     Classifier will visit 0 clips for detector "Old Bird Thrush Detector Redux 1.1", station "MSGR", mic output "21c Output", and date 2020-09-29.
2020-03-08 09:42:54,984 INFO     Classified 0 of 0 visited clips in 0.0 seconds.
2020-03-08 09:42:54,986 INFO     Classifier will visit 0 clips for detector "Old Bird Thrush Detector Redux 1.1", station "MSGR", mic output "21c Output", and date 2020-09-30.
2020-03-08 09:42:54,988 INFO     Classified 0 of 0 visited clips in 0.0 seconds.
2020-03-08 09:42:54,991 INFO     Classifier will visit 0 clips for detector "Old Bird Thrush Detector Redux 1.1", station "MSGR", mic output "21c Output", and date 2020-10-01.
2020-03-08 09:42:54,992 INFO     Classified 0 of 0 visited clips in 0.0 seconds.
2020-03-08 09:42:54,993 INFO     Classifier will visit 0 clips for detector "Old Bird Thrush Detector Redux 1.1", station "MSGR", mic output "21c Output", and date 2020-10-02.
2020-03-08 09:42:54,995 INFO     Classified 0 of 0 visited clips in 0.0 seconds.
2020-03-08 09:42:54,996 INFO     Classifier will visit 0 clips for detector "Old Bird Thrush Detector Redux 1.1", station "MSGR", mic output "21c Output", and date 2020-10-03.
2020-03-08 09:42:54,998 INFO     Classified 0 of 0 visited clips in 0.0 seconds.
2020-03-08 09:42:55,000 INFO     Classifier will visit 0 clips for detector "Old Bird Thrush Detector Redux 1.1", station "MSGR", mic output "21c Output", and date 2020-10-04.
2020-03-08 09:42:55,001 INFO     Classified 0 of 0 visited clips in 0.0 seconds.
2020-03-08 09:42:55,003 INFO     Classifier will visit 0 clips for detector "Old Bird Thrush Detector Redux 1.1", station "MSGR", mic output "21c Output", and date 2020-10-05.
2020-03-08 09:42:55,004 INFO     Classified 0 of 0 visited clips in 0.0 seconds.
2020-03-08 09:42:55,006 INFO     Classifier will visit 0 clips for detector "Old Bird Thrush Detector Redux 1.1", station "MSGR", mic output "21c Output", and date 2020-10-06.
2020-03-08 09:42:55,008 INFO     Classified 0 of 0 visited clips in 0.0 seconds.
2020-03-08 09:42:55,009 INFO     Classifier will visit 0 clips for detector "Old Bird Thrush Detector Redux 1.1", station "MSGR", mic output "21c Output", and date 2020-10-07.
2020-03-08 09:42:55,010 INFO     Classified 0 of 0 visited clips in 0.0 seconds.
2020-03-08 09:42:55,012 INFO     Classifier will visit 0 clips for detector "Old Bird Thrush Detector Redux 1.1", station "MSGR", mic output "21c Output", and date 2020-10-08.
2020-03-08 09:42:55,013 INFO     Classified 0 of 0 visited clips in 0.0 seconds.
2020-03-08 09:42:55,015 INFO     Classifier will visit 0 clips for detector "Old Bird Thrush Detector Redux 1.1", station "MSGR", mic output "21c Output", and date 2020-10-09.
2020-03-08 09:42:55,016 INFO     Classified 0 of 0 visited clips in 0.0 seconds.
2020-03-08 09:42:55,017 INFO     Classifier will visit 0 clips for detector "Old Bird Thrush Detector Redux 1.1", station "MSGR", mic output "21c Output", and date 2020-10-10.
2020-03-08 09:42:55,018 INFO     Classified 0 of 0 visited clips in 0.0 seconds.
2020-03-08 09:42:55,020 INFO     Classifier will visit 0 clips for detector "Old Bird Thrush Detector Redux 1.1", station "MSGR", mic output "21c Output", and date 2020-10-11.
2020-03-08 09:42:55,021 INFO     Classified 0 of 0 visited clips in 0.0 seconds.
2020-03-08 09:42:55,023 INFO     Classifier will visit 0 clips for detector "Old Bird Thrush Detector Redux 1.1", station "MSGR", mic output "21c Output", and date 2020-10-12.
2020-03-08 09:42:55,025 INFO     Classified 0 of 0 visited clips in 0.0 seconds.
2020-03-08 09:42:55,027 INFO     Classifier will visit 0 clips for detector "Old Bird Thrush Detector Redux 1.1", station "MSGR", mic output "21c Output", and date 2020-10-13.
2020-03-08 09:42:55,028 INFO     Classified 0 of 0 visited clips in 0.0 seconds.
2020-03-08 09:42:55,030 INFO     Classifier will visit 0 clips for detector "Old Bird Thrush Detector Redux 1.1", station "MSGR", mic output "21c Output", and date 2020-10-14.
2020-03-08 09:42:55,031 INFO     Classified 0 of 0 visited clips in 0.0 seconds.
2020-03-08 09:42:55,033 INFO     Classifier will visit 0 clips for detector "Old Bird Thrush Detector Redux 1.1", station "MSGR", mic output "21c Output", and date 2020-10-15.
2020-03-08 09:42:55,035 INFO     Classified 0 of 0 visited clips in 0.0 seconds.
2020-03-08 09:42:55,036 INFO     Classifier will visit 0 clips for detector "Old Bird Thrush Detector Redux 1.1", station "MSGR", mic output "21c Output", and date 2020-10-16.
2020-03-08 09:42:55,037 INFO     Classified 0 of 0 visited clips in 0.0 seconds.
2020-03-08 09:42:55,039 INFO     Classifier will visit 0 clips for detector "Old Bird Thrush Detector Redux 1.1", station "MSGR", mic output "21c Output", and date 2020-10-17.
2020-03-08 09:42:55,041 INFO     Classified 0 of 0 visited clips in 0.0 seconds.
2020-03-08 09:42:55,042 INFO     Classifier will visit 0 clips for detector "Old Bird Thrush Detector Redux 1.1", station "MSGR", mic output "21c Output", and date 2020-10-18.
2020-03-08 09:42:55,044 INFO     Classified 0 of 0 visited clips in 0.0 seconds.
2020-03-08 09:42:55,045 INFO     Classifier will visit 0 clips for detector "Old Bird Thrush Detector Redux 1.1", station "MSGR", mic output "21c Output", and date 2020-10-19.
2020-03-08 09:42:55,046 INFO     Classified 0 of 0 visited clips in 0.0 seconds.
2020-03-08 09:42:55,047 INFO     Classifier will visit 0 clips for detector "Old Bird Thrush Detector Redux 1.1", station "MSGR", mic output "21c Output", and date 2020-10-20.
2020-03-08 09:42:55,049 INFO     Classified 0 of 0 visited clips in 0.0 seconds.
2020-03-08 09:42:55,051 INFO     Classifier will visit 0 clips for detector "Old Bird Thrush Detector Redux 1.1", station "MSGR", mic output "21c Output", and date 2020-10-21.
2020-03-08 09:42:55,052 INFO     Classified 0 of 0 visited clips in 0.0 seconds.
2020-03-08 09:42:55,054 INFO     Classifier will visit 0 clips for detector "Old Bird Thrush Detector Redux 1.1", station "MSGR", mic output "21c Output", and date 2020-10-22.
2020-03-08 09:42:55,055 INFO     Classified 0 of 0 visited clips in 0.0 seconds.
2020-03-08 09:42:55,058 INFO     Classifier will visit 0 clips for detector "Old Bird Thrush Detector Redux 1.1", station "MSGR", mic output "21c Output", and date 2020-10-23.
2020-03-08 09:42:55,059 INFO     Classified 0 of 0 visited clips in 0.0 seconds.
2020-03-08 09:42:55,061 INFO     Classifier will visit 0 clips for detector "Old Bird Thrush Detector Redux 1.1", station "MSGR", mic output "21c Output", and date 2020-10-24.
2020-03-08 09:42:55,062 INFO     Classified 0 of 0 visited clips in 0.0 seconds.
2020-03-08 09:42:55,064 INFO     Classifier will visit 0 clips for detector "Old Bird Thrush Detector Redux 1.1", station "MSGR", mic output "21c Output", and date 2020-10-25.
2020-03-08 09:42:55,065 INFO     Classified 0 of 0 visited clips in 0.0 seconds.
2020-03-08 09:42:55,067 INFO     Classifier will visit 0 clips for detector "Old Bird Thrush Detector Redux 1.1", station "MSGR", mic output "21c Output", and date 2020-10-26.
2020-03-08 09:42:55,069 INFO     Classified 0 of 0 visited clips in 0.0 seconds.
2020-03-08 09:42:55,071 INFO     Classifier will visit 0 clips for detector "Old Bird Thrush Detector Redux 1.1", station "MSGR", mic output "21c Output", and date 2020-10-27.
2020-03-08 09:42:55,072 INFO     Classified 0 of 0 visited clips in 0.0 seconds.
2020-03-08 09:42:55,074 INFO     Classifier will visit 0 clips for detector "Old Bird Thrush Detector Redux 1.1", station "MSGR", mic output "21c Output", and date 2020-10-28.
2020-03-08 09:42:55,075 INFO     Classified 0 of 0 visited clips in 0.0 seconds.
2020-03-08 09:42:55,077 INFO     Classifier will visit 0 clips for detector "Old Bird Thrush Detector Redux 1.1", station "MSGR", mic output "21c Output", and date 2020-10-29.
2020-03-08 09:42:55,078 INFO     Classified 0 of 0 visited clips in 0.0 seconds.
2020-03-08 09:42:55,080 INFO     Classifier will visit 0 clips for detector "Old Bird Thrush Detector Redux 1.1", station "MSGR", mic output "21c Output", and date 2020-10-30.
2020-03-08 09:42:55,081 INFO     Classified 0 of 0 visited clips in 0.0 seconds.
2020-03-08 09:42:55,082 INFO     Classifier will visit 0 clips for detector "Old Bird Thrush Detector Redux 1.1", station "MSGR", mic output "21c Output", and date 2020-10-31.
2020-03-08 09:42:55,083 INFO     Classified 0 of 0 visited clips in 0.0 seconds.
2020-03-08 09:42:55,085 INFO     Classifier will visit 0 clips for detector "Old Bird Thrush Detector Redux 1.1", station "MSGR", mic output "21c Output", and date 2020-11-01.
2020-03-08 09:42:55,087 INFO     Classified 0 of 0 visited clips in 0.0 seconds.
2020-03-08 09:42:55,088 INFO     Classifier will visit 0 clips for detector "Old Bird Thrush Detector Redux 1.1", station "MSGR", mic output "21c Output", and date 2020-11-02.
2020-03-08 09:42:55,090 INFO     Classified 0 of 0 visited clips in 0.0 seconds.
2020-03-08 09:42:55,092 INFO     Classifier will visit 0 clips for detector "Old Bird Thrush Detector Redux 1.1", station "MSGR", mic output "21c Output", and date 2020-11-03.
2020-03-08 09:42:55,093 INFO     Classified 0 of 0 visited clips in 0.0 seconds.
2020-03-08 09:42:55,095 INFO     Classifier will visit 0 clips for detector "Old Bird Thrush Detector Redux 1.1", station "MSGR", mic output "21c Output", and date 2020-11-04.
2020-03-08 09:42:55,096 INFO     Classified 0 of 0 visited clips in 0.0 seconds.
2020-03-08 09:42:55,098 INFO     Classifier will visit 0 clips for detector "Old Bird Thrush Detector Redux 1.1", station "MSGR", mic output "21c Output", and date 2020-11-05.
2020-03-08 09:42:55,100 INFO     Classified 0 of 0 visited clips in 0.0 seconds.
2020-03-08 09:42:55,101 INFO     Classifier will visit 0 clips for detector "Old Bird Thrush Detector Redux 1.1", station "MSGR", mic output "21c Output", and date 2020-11-06.
2020-03-08 09:42:55,103 INFO     Classified 0 of 0 visited clips in 0.0 seconds.
2020-03-08 09:42:55,104 INFO     Classifier will visit 0 clips for detector "Old Bird Thrush Detector Redux 1.1", station "MSGR", mic output "21c Output", and date 2020-11-07.
2020-03-08 09:42:55,107 INFO     Classified 0 of 0 visited clips in 0.0 seconds.
2020-03-08 09:42:55,108 INFO     Classifier will visit 0 clips for detector "Old Bird Thrush Detector Redux 1.1", station "MSGR", mic output "21c Output", and date 2020-11-08.
2020-03-08 09:42:55,110 INFO     Classified 0 of 0 visited clips in 0.0 seconds.
2020-03-08 09:42:55,111 INFO     Classifier will visit 0 clips for detector "Old Bird Thrush Detector Redux 1.1", station "MSGR", mic output "21c Output", and date 2020-11-09.
2020-03-08 09:42:55,112 INFO     Classified 0 of 0 visited clips in 0.0 seconds.
2020-03-08 09:42:55,115 INFO     Classifier will visit 0 clips for detector "Old Bird Thrush Detector Redux 1.1", station "MSGR", mic output "21c Output", and date 2020-11-10.
2020-03-08 09:42:55,116 INFO     Classified 0 of 0 visited clips in 0.0 seconds.
2020-03-08 09:42:55,118 INFO     Classifier will visit 0 clips for detector "Old Bird Thrush Detector Redux 1.1", station "MSGR", mic output "21c Output", and date 2020-11-11.
2020-03-08 09:42:55,119 INFO     Classified 0 of 0 visited clips in 0.0 seconds.
2020-03-08 09:42:55,120 INFO     Classifier will visit 0 clips for detector "Old Bird Thrush Detector Redux 1.1", station "MSGR", mic output "21c Output", and date 2020-11-12.
2020-03-08 09:42:55,121 INFO     Classified 0 of 0 visited clips in 0.0 seconds.
2020-03-08 09:42:55,124 INFO     Classifier will visit 0 clips for detector "Old Bird Thrush Detector Redux 1.1", station "MSGR", mic output "21c Output", and date 2020-11-13.
2020-03-08 09:42:55,125 INFO     Classified 0 of 0 visited clips in 0.0 seconds.
2020-03-08 09:42:55,126 INFO     Classifier will visit 0 clips for detector "Old Bird Thrush Detector Redux 1.1", station "MSGR", mic output "21c Output", and date 2020-11-14.
2020-03-08 09:42:55,127 INFO     Classified 0 of 0 visited clips in 0.0 seconds.
2020-03-08 09:42:55,129 INFO     Classifier will visit 0 clips for detector "Old Bird Thrush Detector Redux 1.1", station "MSGR", mic output "21c Output", and date 2020-11-15.
2020-03-08 09:42:55,132 INFO     Classified 0 of 0 visited clips in 0.0 seconds.
2020-03-08 09:42:55,134 INFO     Classifier will visit 0 clips for detector "Old Bird Thrush Detector Redux 1.1", station "MSGR", mic output "21c Output", and date 2020-11-16.
2020-03-08 09:42:55,135 INFO     Classified 0 of 0 visited clips in 0.0 seconds.
2020-03-08 09:42:55,138 INFO     Classifier will visit 0 clips for detector "Old Bird Thrush Detector Redux 1.1", station "MSGR", mic output "21c Output", and date 2020-11-17.
2020-03-08 09:42:55,139 INFO     Classified 0 of 0 visited clips in 0.0 seconds.
2020-03-08 09:42:55,141 INFO     Classifier will visit 0 clips for detector "Old Bird Thrush Detector Redux 1.1", station "MSGR", mic output "21c Output", and date 2020-11-18.
2020-03-08 09:42:55,142 INFO     Classified 0 of 0 visited clips in 0.0 seconds.
2020-03-08 09:42:55,143 INFO     Classifier will visit 0 clips for detector "Old Bird Thrush Detector Redux 1.1", station "MSGR", mic output "21c Output", and date 2020-11-19.
2020-03-08 09:42:55,145 INFO     Classified 0 of 0 visited clips in 0.0 seconds.
2020-03-08 09:42:55,148 INFO     Classifier will visit 0 clips for detector "Old Bird Thrush Detector Redux 1.1", station "MSGR", mic output "21c Output", and date 2020-11-20.
2020-03-08 09:42:55,150 INFO     Classified 0 of 0 visited clips in 0.0 seconds.
2020-03-08 09:42:55,151 INFO     Classifier will visit 0 clips for detector "Old Bird Thrush Detector Redux 1.1", station "MSGR", mic output "21c Output", and date 2020-11-21.
2020-03-08 09:42:55,152 INFO     Classified 0 of 0 visited clips in 0.0 seconds.
2020-03-08 09:42:55,154 INFO     Classifier will visit 0 clips for detector "Old Bird Thrush Detector Redux 1.1", station "MSGR", mic output "21c Output", and date 2020-11-22.
2020-03-08 09:42:55,156 INFO     Classified 0 of 0 visited clips in 0.0 seconds.
2020-03-08 09:42:55,157 INFO     Classifier will visit 0 clips for detector "Old Bird Thrush Detector Redux 1.1", station "MSGR", mic output "21c Output", and date 2020-11-23.
2020-03-08 09:42:55,158 INFO     Classified 0 of 0 visited clips in 0.0 seconds.
2020-03-08 09:42:55,161 INFO     Classifier will visit 0 clips for detector "Old Bird Thrush Detector Redux 1.1", station "MSGR", mic output "21c Output", and date 2020-11-24.
2020-03-08 09:42:55,162 INFO     Classified 0 of 0 visited clips in 0.0 seconds.
2020-03-08 09:42:55,165 INFO     Classifier will visit 0 clips for detector "Old Bird Thrush Detector Redux 1.1", station "MSGR", mic output "21c Output", and date 2020-11-25.
2020-03-08 09:42:55,166 INFO     Classified 0 of 0 visited clips in 0.0 seconds.
2020-03-08 09:42:55,167 INFO     Classifier will visit 0 clips for detector "Old Bird Thrush Detector Redux 1.1", station "MSGR", mic output "21c Output", and date 2020-11-26.
2020-03-08 09:42:55,169 INFO     Classified 0 of 0 visited clips in 0.0 seconds.
2020-03-08 09:42:55,171 INFO     Classifier will visit 0 clips for detector "Old Bird Thrush Detector Redux 1.1", station "MSGR", mic output "21c Output", and date 2020-11-27.
2020-03-08 09:42:55,172 INFO     Classified 0 of 0 visited clips in 0.0 seconds.
2020-03-08 09:42:55,174 INFO     Classifier will visit 0 clips for detector "Old Bird Thrush Detector Redux 1.1", station "MSGR", mic output "21c Output", and date 2020-11-28.
2020-03-08 09:42:55,175 INFO     Classified 0 of 0 visited clips in 0.0 seconds.
2020-03-08 09:42:55,177 INFO     Classifier will visit 0 clips for detector "Old Bird Thrush Detector Redux 1.1", station "MSGR", mic output "21c Output", and date 2020-11-29.
2020-03-08 09:42:55,178 INFO     Classified 0 of 0 visited clips in 0.0 seconds.
2020-03-08 09:42:55,180 INFO     Classifier will visit 0 clips for detector "Old Bird Thrush Detector Redux 1.1", station "MSGR", mic output "21c Output", and date 2020-11-30.
2020-03-08 09:42:55,181 INFO     Classified 0 of 0 visited clips in 0.0 seconds.
2020-03-08 09:42:55,183 INFO     Classifier will visit 0 clips for detector "Old Bird Thrush Detector Redux 1.1", station "MSGR", mic output "21c Output", and date 2020-12-01.
2020-03-08 09:42:55,184 INFO     Classified 0 of 0 visited clips in 0.0 seconds.
2020-03-08 09:42:55,186 INFO     Classifier will visit 0 clips for detector "Old Bird Thrush Detector Redux 1.1", station "MSGR", mic output "21c Output", and date 2020-12-02.
2020-03-08 09:42:55,187 INFO     Classified 0 of 0 visited clips in 0.0 seconds.
2020-03-08 09:42:55,189 INFO     Classifier will visit 0 clips for detector "Old Bird Thrush Detector Redux 1.1", station "MSGR", mic output "21c Output", and date 2020-12-03.
2020-03-08 09:42:55,190 INFO     Classified 0 of 0 visited clips in 0.0 seconds.
2020-03-08 09:42:55,191 INFO     Classifier will visit 0 clips for detector "Old Bird Thrush Detector Redux 1.1", station "MSGR", mic output "21c Output", and date 2020-12-04.
2020-03-08 09:42:55,193 INFO     Classified 0 of 0 visited clips in 0.0 seconds.
2020-03-08 09:42:55,194 INFO     Classifier will visit 0 clips for detector "Old Bird Thrush Detector Redux 1.1", station "MSGR", mic output "21c Output", and date 2020-12-05.
2020-03-08 09:42:55,196 INFO     Classified 0 of 0 visited clips in 0.0 seconds.
2020-03-08 09:42:55,197 INFO     Classifier will visit 0 clips for detector "Old Bird Thrush Detector Redux 1.1", station "MSGR", mic output "21c Output", and date 2020-12-06.
2020-03-08 09:42:55,199 INFO     Classified 0 of 0 visited clips in 0.0 seconds.
2020-03-08 09:42:55,202 INFO     Classifier will visit 0 clips for detector "Old Bird Thrush Detector Redux 1.1", station "MSGR", mic output "21c Output", and date 2020-12-07.
2020-03-08 09:42:55,203 INFO     Classified 0 of 0 visited clips in 0.0 seconds.
2020-03-08 09:42:55,205 INFO     Classifier will visit 0 clips for detector "Old Bird Thrush Detector Redux 1.1", station "MSGR", mic output "21c Output", and date 2020-12-08.
2020-03-08 09:42:55,206 INFO     Classified 0 of 0 visited clips in 0.0 seconds.
2020-03-08 09:42:55,208 INFO     Classifier will visit 0 clips for detector "Old Bird Thrush Detector Redux 1.1", station "MSGR", mic output "21c Output", and date 2020-12-09.
2020-03-08 09:42:55,209 INFO     Classified 0 of 0 visited clips in 0.0 seconds.
2020-03-08 09:42:55,210 INFO     Classifier will visit 0 clips for detector "Old Bird Thrush Detector Redux 1.1", station "MSGR", mic output "21c Output", and date 2020-12-10.
2020-03-08 09:42:55,211 INFO     Classified 0 of 0 visited clips in 0.0 seconds.
2020-03-08 09:42:55,214 INFO     Classifier will visit 0 clips for detector "Old Bird Thrush Detector Redux 1.1", station "MSGR", mic output "21c Output", and date 2020-12-11.
2020-03-08 09:42:55,216 INFO     Classified 0 of 0 visited clips in 0.0 seconds.
2020-03-08 09:42:55,217 INFO     Classifier will visit 0 clips for detector "Old Bird Thrush Detector Redux 1.1", station "MSGR", mic output "21c Output", and date 2020-12-12.
2020-03-08 09:42:55,219 INFO     Classified 0 of 0 visited clips in 0.0 seconds.
2020-03-08 09:42:55,220 INFO     Classifier will visit 0 clips for detector "Old Bird Thrush Detector Redux 1.1", station "MSGR", mic output "21c Output", and date 2020-12-13.
2020-03-08 09:42:55,222 INFO     Classified 0 of 0 visited clips in 0.0 seconds.
2020-03-08 09:42:55,224 INFO     Classifier will visit 0 clips for detector "Old Bird Thrush Detector Redux 1.1", station "MSGR", mic output "21c Output", and date 2020-12-14.
2020-03-08 09:42:55,225 INFO     Classified 0 of 0 visited clips in 0.0 seconds.
2020-03-08 09:42:55,227 INFO     Classifier will visit 0 clips for detector "Old Bird Thrush Detector Redux 1.1", station "MSGR", mic output "21c Output", and date 2020-12-15.
2020-03-08 09:42:55,228 INFO     Classified 0 of 0 visited clips in 0.0 seconds.
2020-03-08 09:42:55,230 INFO     Classifier will visit 0 clips for detector "Old Bird Thrush Detector Redux 1.1", station "MSGR", mic output "21c Output", and date 2020-12-16.
2020-03-08 09:42:55,232 INFO     Classified 0 of 0 visited clips in 0.0 seconds.
2020-03-08 09:42:55,233 INFO     Classifier will visit 0 clips for detector "Old Bird Thrush Detector Redux 1.1", station "MSGR", mic output "21c Output", and date 2020-12-17.
2020-03-08 09:42:55,234 INFO     Classified 0 of 0 visited clips in 0.0 seconds.
2020-03-08 09:42:55,236 INFO     Classifier will visit 0 clips for detector "Old Bird Thrush Detector Redux 1.1", station "MSGR", mic output "21c Output", and date 2020-12-18.
2020-03-08 09:42:55,237 INFO     Classified 0 of 0 visited clips in 0.0 seconds.
2020-03-08 09:42:55,239 INFO     Classifier will visit 0 clips for detector "Old Bird Thrush Detector Redux 1.1", station "MSGR", mic output "21c Output", and date 2020-12-19.
2020-03-08 09:42:55,240 INFO     Classified 0 of 0 visited clips in 0.0 seconds.
2020-03-08 09:42:55,242 INFO     Classifier will visit 0 clips for detector "Old Bird Thrush Detector Redux 1.1", station "MSGR", mic output "21c Output", and date 2020-12-20.
2020-03-08 09:42:55,243 INFO     Classified 0 of 0 visited clips in 0.0 seconds.
2020-03-08 09:42:55,244 INFO     Classifier will visit 0 clips for detector "Old Bird Thrush Detector Redux 1.1", station "MSGR", mic output "21c Output", and date 2020-12-21.
2020-03-08 09:42:55,245 INFO     Classified 0 of 0 visited clips in 0.0 seconds.
2020-03-08 09:42:55,247 INFO     Classifier will visit 0 clips for detector "Old Bird Thrush Detector Redux 1.1", station "MSGR", mic output "21c Output", and date 2020-12-22.
2020-03-08 09:42:55,249 INFO     Classified 0 of 0 visited clips in 0.0 seconds.
2020-03-08 09:42:55,251 INFO     Classifier will visit 0 clips for detector "Old Bird Thrush Detector Redux 1.1", station "MSGR", mic output "21c Output", and date 2020-12-23.
2020-03-08 09:42:55,252 INFO     Classified 0 of 0 visited clips in 0.0 seconds.
2020-03-08 09:42:55,253 INFO     Classifier will visit 0 clips for detector "Old Bird Thrush Detector Redux 1.1", station "MSGR", mic output "21c Output", and date 2020-12-24.
2020-03-08 09:42:55,255 INFO     Classified 0 of 0 visited clips in 0.0 seconds.
2020-03-08 09:42:55,257 INFO     Classifier will visit 0 clips for detector "Old Bird Thrush Detector Redux 1.1", station "MSGR", mic output "21c Output", and date 2020-12-25.
2020-03-08 09:42:55,259 INFO     Classified 0 of 0 visited clips in 0.0 seconds.
2020-03-08 09:42:55,260 INFO     Classifier will visit 0 clips for detector "Old Bird Thrush Detector Redux 1.1", station "MSGR", mic output "21c Output", and date 2020-12-26.
2020-03-08 09:42:55,262 INFO     Classified 0 of 0 visited clips in 0.0 seconds.
2020-03-08 09:42:55,263 INFO     Classifier will visit 0 clips for detector "Old Bird Thrush Detector Redux 1.1", station "MSGR", mic output "21c Output", and date 2020-12-27.
2020-03-08 09:42:55,265 INFO     Classified 0 of 0 visited clips in 0.0 seconds.
2020-03-08 09:42:55,267 INFO     Classifier will visit 0 clips for detector "Old Bird Thrush Detector Redux 1.1", station "MSGR", mic output "21c Output", and date 2020-12-28.
2020-03-08 09:42:55,268 INFO     Classified 0 of 0 visited clips in 0.0 seconds.
2020-03-08 09:42:55,270 INFO     Classifier will visit 0 clips for detector "Old Bird Thrush Detector Redux 1.1", station "MSGR", mic output "21c Output", and date 2020-12-29.
2020-03-08 09:42:55,271 INFO     Classified 0 of 0 visited clips in 0.0 seconds.
2020-03-08 09:42:55,273 INFO     Classifier will visit 0 clips for detector "Old Bird Thrush Detector Redux 1.1", station "MSGR", mic output "21c Output", and date 2020-12-30.
2020-03-08 09:42:55,275 INFO     Classified 0 of 0 visited clips in 0.0 seconds.
2020-03-08 09:42:55,276 INFO     Classifier will visit 0 clips for detector "Old Bird Thrush Detector Redux 1.1", station "MSGR", mic output "21c Output", and date 2020-12-31.
2020-03-08 09:42:55,277 INFO     Classified 0 of 0 visited clips in 0.0 seconds.
2020-03-08 09:42:55,279 INFO     Classifier will visit 0 clips for detector "Old Bird Thrush Detector Redux 1.1", station "MSGR", mic output "21c Output", and date 2021-01-01.
2020-03-08 09:42:55,281 INFO     Classified 0 of 0 visited clips in 0.0 seconds.
2020-03-08 09:42:55,283 INFO     Job complete.
